"../../../Engine/Content/Animation/DefaultAnimBoneCompressionSettings.uasset" 0
"../../../Engine/Content/Animation/DefaultAnimCurveCompressionSettings.uasset" 1
"../../../Engine/Content/EngineMaterials/T_Default_Material_Grid_N.uasset" 2
"../../../Engine/Content/EngineMaterials/T_Default_Material_Grid_M.uasset" 3
"../../../Engine/Content/Functions/Engine_MaterialFunctions01/Opacity/CameraDepthFade.uasset" 4
"../../../Engine/Content/EngineMaterials/WorldGridMaterial.uasset" 5
"../../../Engine/Content/ArtTools/RenderToTexture/Meshes/S_1_Unit_Plane.uasset" 6
"../../../Engine/Content/EngineMaterials/DefaultMaterial.uasset" 7
"../../../Engine/Content/BasicShapes/Cone.uasset" 8
"../../../Engine/Content/BasicShapes/Sphere.uasset" 9
"../../../Engine/Content/EditorLandscapeResources/DataLayer.uasset" 10
"../../../Engine/Content/EditorLandscapeResources/DefaultAlphaTexture.uasset" 11
"../../../Engine/Content/EditorMaterials/MAT_Groups_Toggle.uasset" 12
"../../../Engine/Content/EditorMaterials/MAT_Groups_Visibility.uasset" 13
"../../../Engine/Content/EditorMaterials/PreviewShadowIndicator.uasset" 14
"../../../Engine/Content/EditorMaterials/PreviewShadowIndicatorMaterial.uasset" 15
"../../../Engine/Content/EditorMaterials/MatineeGroups/MAT_ColorTrack.uasset" 16
"../../../Engine/Content/EditorMaterials/MatineeGroups/MAT_Groups_Anim.uasset" 17
"../../../Engine/Content/EditorMaterials/MatineeGroups/MAT_Groups_AudioMaster.uasset" 18
"../../../Engine/Content/EditorMaterials/MatineeGroups/MAT_Groups_Director.uasset" 19
"../../../Engine/Content/EditorMaterials/MatineeGroups/MAT_Groups_Event.uasset" 20
"../../../Engine/Content/EditorMaterials/MatineeGroups/MAT_Groups_Fade.uasset" 21
"../../../Engine/Content/EditorMaterials/MatineeGroups/MAT_Groups_Float.uasset" 22
"../../../Engine/Content/EditorMaterials/MatineeGroups/MAT_Groups_Move.uasset" 23
"../../../Engine/Content/EditorMaterials/MatineeGroups/MAT_Groups_Slomo.uasset" 24
"../../../Engine/Content/EditorMaterials/MatineeGroups/MAT_Groups_Sound.uasset" 25
"../../../Engine/Content/EditorMaterials/MatineeGroups/MAT_Groups_Vector.uasset" 26
"../../../Engine/Content/EditorMaterials/ParticleSystems/PSysThumbnail_NoImage.uasset" 27
"../../../Engine/Content/EditorMaterials/ParticleSystems/PSysThumbnail_OOD.uasset" 28
"../../../Engine/Content/EditorMaterials/Camera/CineMat.uasset" 29
"../../../Engine/Content/EditorMaterials/Camera/MI_CineMat_Rig.uasset" 30
"../../../Engine/Content/EditorMeshes/Camera/SM_CraneRig_Arm.uasset" 31
"../../../Engine/Content/EditorMeshes/Camera/SM_CraneRig_Base.uasset" 32
"../../../Engine/Content/EditorMeshes/Camera/SM_CraneRig_Body.uasset" 33
"../../../Engine/Content/EditorMeshes/Camera/SM_CraneRig_Mount.uasset" 34
"../../../Engine/Content/EditorMeshes/Camera/SM_RailRig_Mount.uasset" 35
"../../../Engine/Content/EditorMeshes/Camera/SM_RailRig_Track.uasset" 36
"../../../Engine/Content/EditorResources/BSPVertex.uasset" 37
"../../../Engine/Content/EditorResources/EmptyActor.uasset" 38
"../../../Engine/Content/EditorResources/S_Actor.uasset" 39
"../../../Engine/Content/EditorResources/S_Note.uasset" 40
"../../../Engine/Content/EditorResources/S_Solver.uasset" 41
"../../../Engine/Content/EditorResources/S_Terrain.uasset" 42
"../../../Engine/Content/EditorResources/S_Trigger.uasset" 43
"../../../Engine/Content/EditorResources/LightIcons/S_LightError.uasset" 44
"../../../Engine/Content/EditorResources/SequenceRecorder/Countdown.uasset" 45
"../../../Engine/Content/EditorResources/SequenceRecorder/RecordingIndicator.uasset" 46
"../../../Engine/Content/EngineDamageTypes/DmgTypeBP_Environmental.uasset" 47
"../../../Engine/Content/EngineDebugMaterials/DebugEditorMaterial.uasset" 48
"../../../Engine/Content/EngineDebugMaterials/DebugMeshMaterial.uasset" 49
"../../../Engine/Content/EngineDebugMaterials/M_SimpleUnlitTranslucent.uasset" 50
"../../../Engine/Content/EngineDebugMaterials/VolumeToRender.uasset" 51
"../../../Engine/Content/Functions/Engine_MaterialFunctions02/Utility/CameraDirectionVector.uasset" 52
"../../../Engine/Content/EngineDebugMaterials/M_VolumeRenderSphereTracePP.uasset" 53
"../../../Engine/Content/Functions/Engine_MaterialFunctions01/Shading/ConvertFromDiffSpec.uasset" 54
"../../../Engine/Content/EngineDebugMaterials/VertexColorMaterial.uasset" 55
"../../../Engine/Content/EngineDebugMaterials/WireframeMaterial.uasset" 56
"../../../Engine/Content/EngineFonts/Faces/RobotoRegular.uasset" 57
"../../../Engine/Content/EngineFonts/Faces/RobotoLight.uasset" 58
"../../../Engine/Content/EngineFonts/Faces/RobotoItalic.uasset" 59
"../../../Engine/Content/EngineFonts/Faces/RobotoBoldItalic.uasset" 60
"../../../Engine/Content/EngineFonts/Faces/RobotoBold.uasset" 61
"../../../Engine/Content/EngineFonts/Faces/DroidSansFallback.uasset" 62
"../../../Engine/Content/EngineFonts/Roboto.uasset" 63
"../../../Engine/Content/EngineMaterials/BaseFlattenNormalMap.uasset" 64
"../../../Engine/Content/EngineMaterials/BaseFlattenGrayscaleMap.uasset" 65
"../../../Engine/Content/EngineMaterials/BaseFlattenEmissiveMap.uasset" 66
"../../../Engine/Content/EngineMaterials/BaseFlattenDiffuseMap.uasset" 67
"../../../Engine/Content/EngineMaterials/BaseFlattenMaterial.uasset" 68
"../../../Engine/Content/EngineMaterials/BlueNoise.uasset" 69
"../../../Engine/Content/EngineMaterials/DefaultBloomKernel.uasset" 70
"../../../Engine/Content/EngineMaterials/DefaultBokeh.uasset" 71
"../../../Engine/Content/EngineMaterials/DefaultDiffuse.uasset" 72
"../../../Engine/Content/EngineMaterials/DefaultDeferredDecalMaterial.uasset" 73
"../../../Engine/Content/EngineMaterials/DefaultLightFunctionMaterial.uasset" 74
"../../../Engine/Content/EngineMaterials/DefaultPhysicalMaterial.uasset" 75
"../../../Engine/Content/Functions/Engine_MaterialFunctions02/Utility/BreakOutFloat2Components.uasset" 76
"../../../Engine/Content/EngineMaterials/DefaultPostProcessMaterial.uasset" 77
"../../../Engine/Content/EngineFonts/RobotoDistanceField.uasset" 78
"../../../Engine/Content/EngineMaterials/DefaultTextMaterialOpaque.uasset" 79
"../../../Engine/Content/EngineMaterials/DefaultWhiteGrid.uasset" 80
"../../../Engine/Content/EngineMaterials/DefaultWhiteGrid_Low.uasset" 81
"../../../Engine/Content/EngineMaterials/EmissiveMeshMaterial.uasset" 82
"../../../Engine/Content/EngineMaterials/GizmoMaterial.uasset" 83
"../../../Engine/Content/EngineMaterials/Good64x64TilingNoiseHighFreq.uasset" 84
"../../../Engine/Content/EngineMaterials/MiniFont.uasset" 85
"../../../Engine/Content/EngineMaterials/InvalidLightmapSettings.uasset" 86
"../../../Engine/Content/EngineMaterials/M_InvalidLightmapSettings.uasset" 87
"../../../Engine/Content/Functions/Engine_MaterialFunctions02/WorldPositionOffset/CameraOffset.uasset" 88
"../../../Engine/Content/EngineMaterials/PhAT_JointLimitMaterial.uasset" 89
"../../../Engine/Content/EngineMaterials/PreintegratedSkinBRDF.uasset" 90
"../../../Engine/Content/EngineMaterials/RemoveSurfaceMaterial.uasset" 91
"../../../Engine/Content/EngineMaterials/WeightMapPlaceholderTexture.uasset" 92
"../../../Engine/Content/EngineResources/WhiteSquareTexture.uasset" 93
"../../../Engine/Content/EngineMaterials/Widget3DPassThrough.uasset" 94
"../../../Engine/Content/EngineMaterials/Widget3DPassThrough_Masked.uasset" 95
"../../../Engine/Content/EngineMaterials/Widget3DPassThrough_Opaque.uasset" 96
"../../../Engine/Content/EngineMaterials/Widget3DPassThrough_Masked_OneSided.uasset" 97
"../../../Engine/Content/EngineMaterials/Widget3DPassThrough_Opaque_OneSided.uasset" 98
"../../../Engine/Content/EngineMaterials/Widget3DPassThrough_Translucent.uasset" 99
"../../../Engine/Content/EngineMaterials/Widget3DPassThrough_Translucent_OneSided.uasset" 100
"../../../Engine/Content/EngineMeshes/Cylinder.uasset" 101
"../../../Engine/Content/EngineResources/Black.uasset" 102
"../../../Engine/Content/EngineResources/DefaultTextureCube.uasset" 103
"../../../Engine/Content/EngineResources/DefaultVolumeTexture2D.uasset" 104
"../../../Engine/Content/EngineResources/DefaultVolumeTexture.uasset" 105
"../../../Engine/Content/EngineResources/GradientTexture0.uasset" 106
"../../../Engine/Content/EngineSky/VolumetricClouds/T_NoiseShape64.uasset" 107
"../../../Engine/Content/EngineSky/VolumetricClouds/T_VolumeNoiseShape64.uasset" 108
"../../../Engine/Content/EngineSky/VolumetricClouds/T_NoiseErosion.uasset" 109
"../../../Engine/Content/EngineSky/VolumetricClouds/T_VolumeNoiseErosion32.uasset" 110
"../../../Engine/Content/Functions/Engine_MaterialFunctions02/Utility/MakeFloat2.uasset" 111
"../../../Engine/Content/EngineSky/VolumetricClouds/CloudWeatherTexture.uasset" 112
"../../../Engine/Content/EngineSky/VolumetricClouds/CloudGradientTexture.uasset" 113
"../../../Engine/Content/EngineSky/VolumetricClouds/m_SimpleVolumetricCloud.uasset" 114
"../../../Engine/Content/EngineSky/VolumetricClouds/m_SimpleVolumetricCloud_Inst.uasset" 115
"../../../Engine/Content/EngineSounds/Master.uasset" 116
"../../../Engine/Content/Functions/Engine_MaterialFunctions01/Shading/PowerToRoughness.uasset" 117
"../../../Engine/Content/Maps/Templates/Thumbnails/Default.uasset" 118
"../../../Engine/Content/Maps/Templates/Thumbnails/TimeOfDay.uasset" 119
"../../../Engine/Content/Maps/Templates/Thumbnails/VR-Basic.uasset" 120
"../../../Engine/Content/MobileResources/T_MobileControls_texture.uasset" 121
"../../../Engine/Content/MobileResources/T_MobileMenu2.uasset" 122
"../../../Engine/Content/MobileResources/HUD/AnalogHat.uasset" 123
"../../../Engine/Content/MobileResources/HUD/VirtualJoystick_Thumb.uasset" 124
"../../../Engine/Content/MobileResources/HUD/VirtualJoystick_Background.uasset" 125
"../../../Engine/Content/MobileResources/HUD/DefaultVirtualJoysticks.uasset" 126
"../../../Engine/Content/MobileResources/HUD/LeftVirtualJoystickOnly.uasset" 127
"../../../Engine/Content/MobileResources/HUD/MobileHUDButton1_off.uasset" 128
"../../../Engine/Content/MobileResources/HUD/MobileHUDButton1_on.uasset" 129
"../../../Engine/Content/MobileResources/HUD/MobileHUDButton2_off.uasset" 130
"../../../Engine/Content/MobileResources/HUD/MobileHUDButton2_on.uasset" 131
"../../../Engine/Content/MobileResources/HUD/MobileHUDButton3.uasset" 132
"../../../Engine/Content/MobileResources/HUD/MobileHUDButtonFire.uasset" 133
"../../../Engine/Content/MobileResources/HUD/MobileHUDDirectionPad.uasset" 134
"../../../Engine/Content/MobileResources/HUD/MobileHUDDirectionPad2.uasset" 135
"../../../Engine/Content/MobileResources/HUD/MobileHUDDirectionPad3.uasset" 136
"../../../Engine/Content/MobileResources/HUD/MobileHUDDirectionStick.uasset" 137
"../../../Engine/Content/MobileResources/HUD/T_Castle_ThumbstickInner.uasset" 138
"../../../Engine/Content/MobileResources/HUD/T_Castle_ThumbstickOutter.uasset" 139
"../../../Engine/Content/Tutorial/ContentIntroCurve.uasset" 140
"../../../Engine/Content/Tutorial/Basics/LevelEditorAttract.uasset" 141
"../../../Engine/Content/VREditor/TransformGizmo/TranslucentTransformGizmoMaterial.uasset" 142
"../../../Engine/Content/VREditor/LaserPointer/VR_LaserPower_01.uasset" 143
"../../../Engine/Content/VREditor/TransformGizmo/TransformGizmoMaterial.uasset" 144
"../../../Engine/Content/VREditor/TransformGizmo/BoundingBoxCorner.uasset" 145
"../../../Engine/Content/VREditor/TransformGizmo/BoundingBoxEdge.uasset" 146
"../../../Engine/Content/VREditor/TransformGizmo/PlaneTranslationHandle.uasset" 147
"../../../Engine/Content/VREditor/TransformGizmo/Xray.uasset" 148
"../../../Engine/Content/VREditor/TransformGizmo/Main.uasset" 149
"../../../Engine/Content/VREditor/TransformGizmo/SM_Sequencer_Key.uasset" 150
"../../../Engine/Content/VREditor/TransformGizmo/SM_Sequencer_Node.uasset" 151
"../../Plugins/2D/Paper2D/Content/PlaceholderTextures/DummySpriteTexture.uasset" 152
"../../Plugins/2D/Paper2D/Content/DummySprite.uasset" 153
"../../Plugins/2D/Paper2D/Content/DefaultPaperTerrainMaterial.uasset" 154
"../../Plugins/2D/Paper2D/Content/DefaultSpriteMaterial.uasset" 155
"../../Plugins/2D/Paper2D/Content/MaskedUnlitSpriteMaterial.uasset" 156
"../../Plugins/2D/Paper2D/Content/OpaqueUnlitSpriteMaterial.uasset" 157
"../../../Engine/Content/Functions/Engine_MaterialFunctions02/ObjectLocalBounds.uasset" 158
"../../../Engine/Content/Functions/Engine_MaterialFunctions02/Utility/BreakOutFloat3Components.uasset" 159
"../../Plugins/Editor/SpeedTreeImporter/Content/SpeedTree9/UnpackInteger3.uasset" 160
"../../Plugins/Editor/SpeedTreeImporter/Content/SpeedTree9/UnpackDirection.uasset" 161
"../../Plugins/Editor/SpeedTreeImporter/Content/SpeedTree9/game_wind_noise.uasset" 162
"../../../Engine/Content/Functions/Engine_MaterialFunctions02/SafeNormalize.uasset" 163
"../../Plugins/Editor/SpeedTreeImporter/Content/SpeedTree9/SpeedTreeWindMotion.uasset" 164
"../../Plugins/Editor/SpeedTreeImporter/Content/SpeedTree9/SpeedTreeBranchMotion.uasset" 165
"../../../Engine/Content/Functions/Engine_MaterialFunctions02/UVs/BoundingBoxBased_0-1_UVW.uasset" 166
"../../Plugins/Editor/SpeedTreeImporter/Content/SpeedTree9/SpeedTreeWind.uasset" 167
"../../Plugins/Editor/SpeedTreeImporter/Content/SpeedTree9/SpeedTreeBillboard.uasset" 168
"../../../Engine/Content/EngineResources/DefaultTexture.uasset" 169
"../../Plugins/Editor/SpeedTreeImporter/Content/SpeedTree9/SpeedTreeBillboardMaster.uasset" 170
"../../Plugins/Editor/SpeedTreeImporter/Content/SpeedTree9/SpeedTreeCameraFacing.uasset" 171
"../../Plugins/Editor/SpeedTreeImporter/Content/SpeedTree9/SpeedTreeMaster.uasset" 172
"../../../Engine/Content/ArtTools/RenderToTexture/Materials/Debug/M_Emissive_Color.uasset" 173
"../../../Engine/Content/BasicShapes/Cylinder.uasset" 174
"../../Plugins/Lumin/MagicLeapPassableWorld/Content/MagicLeapARPinInfoActor.uasset" 175
"../../../Engine/Content/Functions/Engine_MaterialFunctions02/Utility/MakeFloat3.uasset" 176
"../../../Engine/Content/Functions/Engine_MaterialFunctions02/Utility/BreakOutFloat4Components.uasset" 177
"../../Plugins/Runtime/Oculus/OculusVR/Content/Materials/OculusMR_ChromaKey.uasset" 178
"../../Plugins/Runtime/Oculus/OculusVR/Content/Materials/OculusMR_OpaqueColoredMaterial.uasset" 179
"../../Plugins/Runtime/Oculus/OculusVR/Content/Materials/PokeAHoleMaterial.uasset" 180
"../../../../../../Users/mssvr1/Documents/Unreal Projects/CastleTest/arvr_new/arvr/Content/ShriyaAssets/SM_Castle/Castle.uasset" 181
"../../../../../../Users/mssvr1/Documents/Unreal Projects/CastleTest/arvr_new/arvr/Content/Level/EntryLevel_BuiltData.uasset" 182
"../../../../../../Users/mssvr1/Documents/Unreal Projects/CastleTest/arvr_new/arvr/Content/Materials/ParticleTransparent.uasset" 183
"../../../Engine/Content/EngineMeshes/Sphere.uasset" 184
"../../../../../../Users/mssvr1/Documents/Unreal Projects/CastleTest/arvr_new/arvr/Content/ParticleSystems/ParticleSystemSkulls.uasset" 185
"../../../../../../Users/mssvr1/Documents/Unreal Projects/CastleTest/arvr_new/arvr/Content/Materials/SkullMaterialOld.uasset" 186
"../../../Engine/Content/EditorBlueprintResources/StandardMacros.uasset" 187
"../../../../../../Users/mssvr1/Documents/Unreal Projects/CastleTest/arvr_new/arvr/Content/Blueprint/Music/SkullBlueprint.uasset" 188
"../../../../../../Users/mssvr1/Documents/Unreal Projects/CastleTest/arvr_new/arvr/Content/Blueprint/SkullBlueprint.uasset" 189
"../../../../../../Users/mssvr1/Documents/Unreal Projects/CastleTest/arvr_new/arvr/Content/ShriyaAssets/SM_Castle/M_Castle.uasset" 190
"../../../../../../Users/mssvr1/Documents/Unreal Projects/CastleTest/arvr_new/arvr/Content/Level/EntryLevel.umap" 191
"../../../../../../Users/mssvr1/Documents/Unreal Projects/CastleTest/arvr_new/arvr/Content/PaigeAssets/PAAE_Catacombs_Roughness.uasset" 192
"../../../../../../Users/mssvr1/Documents/Unreal Projects/CastleTest/arvr_new/arvr/Content/PaigeAssets/PAAE_Catacombs_Normal_DirectX.uasset" 193
"../../../../../../Users/mssvr1/Documents/Unreal Projects/CastleTest/arvr_new/arvr/Content/PaigeAssets/PAAE_Catacombs_Metalness.uasset" 194
"../../../../../../Users/mssvr1/Documents/Unreal Projects/CastleTest/arvr_new/arvr/Content/PaigeAssets/PAAE_Catacombs_BaseColor.uasset" 195
"../../../../../../Users/mssvr1/Documents/Unreal Projects/CastleTest/arvr_new/arvr/Content/PaigeAssets/PaigeMaterial.uasset" 196
"../../../../../../Users/mssvr1/Documents/Unreal Projects/CastleTest/arvr_new/arvr/Content/PaigeAssets/Comp02/Material.uasset" 197
"../../../../../../Users/mssvr1/Documents/Unreal Projects/CastleTest/arvr_new/arvr/Content/PaigeAssets/Comp02/PAAE_Catacombs_Comp02_skull_remesh.uasset" 198
"../../../../../../Users/mssvr1/Documents/Unreal Projects/CastleTest/arvr_new/arvr/Content/PaigeAssets/Comp02/PAAE_Catacombs_Comp02_Pillar_R.uasset" 199
"../../../../../../Users/mssvr1/Documents/Unreal Projects/CastleTest/arvr_new/arvr/Content/PaigeAssets/Comp02/PAAE_Catacombs_Comp02_Pillar_L_004.uasset" 200
"../../../../../../Users/mssvr1/Documents/Unreal Projects/CastleTest/arvr_new/arvr/Content/PaigeAssets/Comp02/PAAE_Catacombs_Comp02_Pillar_L_003.uasset" 201
"../../../../../../Users/mssvr1/Documents/Unreal Projects/CastleTest/arvr_new/arvr/Content/PaigeAssets/Comp02/PAAE_Catacombs_Comp02_Pillar_L_002.uasset" 202
"../../../../../../Users/mssvr1/Documents/Unreal Projects/CastleTest/arvr_new/arvr/Content/PaigeAssets/Comp02/PAAE_Catacombs_Comp02_Pillar_L_001.uasset" 203
"../../../../../../Users/mssvr1/Documents/Unreal Projects/CastleTest/arvr_new/arvr/Content/PaigeAssets/Comp02/PAAE_Catacombs_Comp02_Pillar_L.uasset" 204
"../../../../../../Users/mssvr1/Documents/Unreal Projects/CastleTest/arvr_new/arvr/Content/PaigeAssets/Comp02/PAAE_Catacombs_Comp02_Cylinder_038.uasset" 205
"../../../../../../Users/mssvr1/Documents/Unreal Projects/CastleTest/arvr_new/arvr/Content/PaigeAssets/Comp02/PAAE_Catacombs_Comp02_Cylinder_037.uasset" 206
"../../../../../../Users/mssvr1/Documents/Unreal Projects/CastleTest/arvr_new/arvr/Content/PaigeAssets/Comp02/PAAE_Catacombs_Comp02_Cylinder_036.uasset" 207
"../../../../../../Users/mssvr1/Documents/Unreal Projects/CastleTest/arvr_new/arvr/Content/PaigeAssets/Comp02/PAAE_Catacombs_Comp02_Cylinder_035.uasset" 208
"../../../../../../Users/mssvr1/Documents/Unreal Projects/CastleTest/arvr_new/arvr/Content/PaigeAssets/Comp02/PAAE_Catacombs_Comp02_Cylinder_034.uasset" 209
"../../../../../../Users/mssvr1/Documents/Unreal Projects/CastleTest/arvr_new/arvr/Content/PaigeAssets/Comp02/PAAE_Catacombs_Comp02_Cylinder_033.uasset" 210
"../../../../../../Users/mssvr1/Documents/Unreal Projects/CastleTest/arvr_new/arvr/Content/PaigeAssets/Comp02/PAAE_Catacombs_Comp02_Cylinder_032.uasset" 211
"../../../../../../Users/mssvr1/Documents/Unreal Projects/CastleTest/arvr_new/arvr/Content/PaigeAssets/Comp02/PAAE_Catacombs_Comp02_Cylinder_031.uasset" 212
"../../../../../../Users/mssvr1/Documents/Unreal Projects/CastleTest/arvr_new/arvr/Content/PaigeAssets/Comp02/PAAE_Catacombs_Comp02_Cylinder_030.uasset" 213
"../../../../../../Users/mssvr1/Documents/Unreal Projects/CastleTest/arvr_new/arvr/Content/PaigeAssets/Comp02/PAAE_Catacombs_Comp02_Cylinder_029.uasset" 214
"../../../../../../Users/mssvr1/Documents/Unreal Projects/CastleTest/arvr_new/arvr/Content/PaigeAssets/Comp02/PAAE_Catacombs_Comp02_Cylinder_028.uasset" 215
"../../../../../../Users/mssvr1/Documents/Unreal Projects/CastleTest/arvr_new/arvr/Content/PaigeAssets/Comp02/PAAE_Catacombs_Comp02_Cylinder_027.uasset" 216
"../../../../../../Users/mssvr1/Documents/Unreal Projects/CastleTest/arvr_new/arvr/Content/PaigeAssets/Comp02/PAAE_Catacombs_Comp02_Cylinder_026.uasset" 217
"../../../../../../Users/mssvr1/Documents/Unreal Projects/CastleTest/arvr_new/arvr/Content/PaigeAssets/Comp02/PAAE_Catacombs_Comp02_Cylinder_025.uasset" 218
"../../../../../../Users/mssvr1/Documents/Unreal Projects/CastleTest/arvr_new/arvr/Content/PaigeAssets/Comp02/PAAE_Catacombs_Comp02_Cylinder_024.uasset" 219
"../../../../../../Users/mssvr1/Documents/Unreal Projects/CastleTest/arvr_new/arvr/Content/PaigeAssets/Comp02/PAAE_Catacombs_Comp02_Cylinder_023.uasset" 220
"../../../../../../Users/mssvr1/Documents/Unreal Projects/CastleTest/arvr_new/arvr/Content/PaigeAssets/Comp02/PAAE_Catacombs_Comp02_Cylinder_022.uasset" 221
"../../../../../../Users/mssvr1/Documents/Unreal Projects/CastleTest/arvr_new/arvr/Content/PaigeAssets/Comp02/PAAE_Catacombs_Comp02_Cylinder_021.uasset" 222
"../../../../../../Users/mssvr1/Documents/Unreal Projects/CastleTest/arvr_new/arvr/Content/PaigeAssets/Comp02/PAAE_Catacombs_Comp02_Cylinder_020.uasset" 223
"../../../../../../Users/mssvr1/Documents/Unreal Projects/CastleTest/arvr_new/arvr/Content/PaigeAssets/Comp02/PAAE_Catacombs_Comp02_Arch_Connections.uasset" 224
"../../../../../../Users/mssvr1/Documents/Unreal Projects/CastleTest/arvr_new/arvr/Content/PaigeAssets/Comp02/PAAE_Catacombs_Comp02_Arch.uasset" 225
"../../../../../../Users/mssvr1/Documents/Unreal Projects/CastleTest/arvr_new/arvr/Content/PaigeAssets/Comp01/PAAE_Catacombs_Comp01_TallCandle_004.uasset" 226
"../../../../../../Users/mssvr1/Documents/Unreal Projects/CastleTest/arvr_new/arvr/Content/PaigeAssets/Comp01/PAAE_Catacombs_Comp01_TallCandle_003.uasset" 227
"../../../../../../Users/mssvr1/Documents/Unreal Projects/CastleTest/arvr_new/arvr/Content/PaigeAssets/Comp01/PAAE_Catacombs_Comp01_TallCandle_002.uasset" 228
"../../../../../../Users/mssvr1/Documents/Unreal Projects/CastleTest/arvr_new/arvr/Content/PaigeAssets/Comp01/PAAE_Catacombs_Comp01_TallCandle_001.uasset" 229
"../../../../../../Users/mssvr1/Documents/Unreal Projects/CastleTest/arvr_new/arvr/Content/PaigeAssets/Comp01/PAAE_Catacombs_Comp01_TallCandle.uasset" 230
"../../../../../../Users/mssvr1/Documents/Unreal Projects/CastleTest/arvr_new/arvr/Content/PaigeAssets/Comp01/PAAE_Catacombs_Comp01_ShortCandle_004.uasset" 231
"../../../../../../Users/mssvr1/Documents/Unreal Projects/CastleTest/arvr_new/arvr/Content/PaigeAssets/Comp01/PAAE_Catacombs_Comp01_ShortCandle_003.uasset" 232
"../../../../../../Users/mssvr1/Documents/Unreal Projects/CastleTest/arvr_new/arvr/Content/PaigeAssets/Comp01/PAAE_Catacombs_Comp01_ShortCandle_002.uasset" 233
"../../../../../../Users/mssvr1/Documents/Unreal Projects/CastleTest/arvr_new/arvr/Content/PaigeAssets/Comp01/PAAE_Catacombs_Comp01_ShortCandle_001.uasset" 234
"../../../../../../Users/mssvr1/Documents/Unreal Projects/CastleTest/arvr_new/arvr/Content/PaigeAssets/Comp01/PAAE_Catacombs_Comp01_ShortCandle.uasset" 235
"../../../../../../Users/mssvr1/Documents/Unreal Projects/CastleTest/arvr_new/arvr/Content/PaigeAssets/Comp01/PAAE_Catacombs_Comp01_Pillar_L_004.uasset" 236
"../../../../../../Users/mssvr1/Documents/Unreal Projects/CastleTest/arvr_new/arvr/Content/PaigeAssets/Comp01/PAAE_Catacombs_Comp01_Pillar_L_003.uasset" 237
"../../../../../../Users/mssvr1/Documents/Unreal Projects/CastleTest/arvr_new/arvr/Content/PaigeAssets/Comp01/PAAE_Catacombs_Comp01_Pillar_L_002.uasset" 238
"../../../../../../Users/mssvr1/Documents/Unreal Projects/CastleTest/arvr_new/arvr/Content/PaigeAssets/Comp01/PAAE_Catacombs_Comp01_Pillar_L_001.uasset" 239
"../../../../../../Users/mssvr1/Documents/Unreal Projects/CastleTest/arvr_new/arvr/Content/PaigeAssets/Comp01/PAAE_Catacombs_Comp01_MidTallCandle_003.uasset" 240
"../../../../../../Users/mssvr1/Documents/Unreal Projects/CastleTest/arvr_new/arvr/Content/PaigeAssets/Comp01/PAAE_Catacombs_Comp01_MidTallCandle_002.uasset" 241
"../../../../../../Users/mssvr1/Documents/Unreal Projects/CastleTest/arvr_new/arvr/Content/PaigeAssets/Comp01/PAAE_Catacombs_Comp01_MidTallCandle_001.uasset" 242
"../../../../../../Users/mssvr1/Documents/Unreal Projects/CastleTest/arvr_new/arvr/Content/PaigeAssets/Comp01/PAAE_Catacombs_Comp01_MidTallCandle.uasset" 243
"../../../../../../Users/mssvr1/Documents/Unreal Projects/CastleTest/arvr_new/arvr/Content/PaigeAssets/Comp01/PAAE_Catacombs_Comp01_MidShortCandle_004.uasset" 244
"../../../../../../Users/mssvr1/Documents/Unreal Projects/CastleTest/arvr_new/arvr/Content/PaigeAssets/Comp01/PAAE_Catacombs_Comp01_MidShortCandle_003.uasset" 245
"../../../../../../Users/mssvr1/Documents/Unreal Projects/CastleTest/arvr_new/arvr/Content/PaigeAssets/Comp01/PAAE_Catacombs_Comp01_MidShortCandle_002.uasset" 246
"../../../../../../Users/mssvr1/Documents/Unreal Projects/CastleTest/arvr_new/arvr/Content/PaigeAssets/Comp01/PAAE_Catacombs_Comp01_MidShortCandle_001.uasset" 247
"../../../../../../Users/mssvr1/Documents/Unreal Projects/CastleTest/arvr_new/arvr/Content/PaigeAssets/Comp01/PAAE_Catacombs_Comp01_MidShortCandle.uasset" 248
"../../../../../../Users/mssvr1/Documents/Unreal Projects/CastleTest/arvr_new/arvr/Content/PaigeAssets/Comp01/PAAE_Catacombs_Comp01_Lock.uasset" 249
"../../../../../../Users/mssvr1/Documents/Unreal Projects/CastleTest/arvr_new/arvr/Content/PaigeAssets/Comp01/PAAE_Catacombs_Comp01_Gate_R.uasset" 250
"../../../../../../Users/mssvr1/Documents/Unreal Projects/CastleTest/arvr_new/arvr/Content/PaigeAssets/Comp01/PAAE_Catacombs_Comp01_Gate_L.uasset" 251
"../../../../../../Users/mssvr1/Documents/Unreal Projects/CastleTest/arvr_new/arvr/Content/PaigeAssets/Comp01/PAAE_Catacombs_Comp01_Cylinder_019.uasset" 252
"../../../../../../Users/mssvr1/Documents/Unreal Projects/CastleTest/arvr_new/arvr/Content/PaigeAssets/Comp01/PAAE_Catacombs_Comp01_Cylinder_018.uasset" 253
"../../../../../../Users/mssvr1/Documents/Unreal Projects/CastleTest/arvr_new/arvr/Content/PaigeAssets/Comp01/PAAE_Catacombs_Comp01_Cylinder_017.uasset" 254
"../../../../../../Users/mssvr1/Documents/Unreal Projects/CastleTest/arvr_new/arvr/Content/PaigeAssets/Comp01/PAAE_Catacombs_Comp01_Cylinder_016.uasset" 255
"../../../../../../Users/mssvr1/Documents/Unreal Projects/CastleTest/arvr_new/arvr/Content/PaigeAssets/Comp01/PAAE_Catacombs_Comp01_Cylinder_015.uasset" 256
"../../../../../../Users/mssvr1/Documents/Unreal Projects/CastleTest/arvr_new/arvr/Content/PaigeAssets/Comp01/PAAE_Catacombs_Comp01_Cylinder_014.uasset" 257
"../../../../../../Users/mssvr1/Documents/Unreal Projects/CastleTest/arvr_new/arvr/Content/PaigeAssets/Comp01/PAAE_Catacombs_Comp01_Cylinder_013.uasset" 258
"../../../../../../Users/mssvr1/Documents/Unreal Projects/CastleTest/arvr_new/arvr/Content/PaigeAssets/Comp01/PAAE_Catacombs_Comp01_Cylinder_012.uasset" 259
"../../../../../../Users/mssvr1/Documents/Unreal Projects/CastleTest/arvr_new/arvr/Content/PaigeAssets/Comp01/PAAE_Catacombs_Comp01_Cylinder_011.uasset" 260
"../../../../../../Users/mssvr1/Documents/Unreal Projects/CastleTest/arvr_new/arvr/Content/PaigeAssets/Comp01/PAAE_Catacombs_Comp01_Cylinder_010.uasset" 261
"../../../../../../Users/mssvr1/Documents/Unreal Projects/CastleTest/arvr_new/arvr/Content/PaigeAssets/Comp01/PAAE_Catacombs_Comp01_Cylinder_009.uasset" 262
"../../../../../../Users/mssvr1/Documents/Unreal Projects/CastleTest/arvr_new/arvr/Content/PaigeAssets/Comp01/PAAE_Catacombs_Comp01_Cylinder_008.uasset" 263
"../../../../../../Users/mssvr1/Documents/Unreal Projects/CastleTest/arvr_new/arvr/Content/PaigeAssets/Comp01/PAAE_Catacombs_Comp01_Cylinder_007.uasset" 264
"../../../../../../Users/mssvr1/Documents/Unreal Projects/CastleTest/arvr_new/arvr/Content/PaigeAssets/Comp01/PAAE_Catacombs_Comp01_Cylinder_006.uasset" 265
"../../../../../../Users/mssvr1/Documents/Unreal Projects/CastleTest/arvr_new/arvr/Content/PaigeAssets/Comp01/PAAE_Catacombs_Comp01_Cylinder_005.uasset" 266
"../../../../../../Users/mssvr1/Documents/Unreal Projects/CastleTest/arvr_new/arvr/Content/PaigeAssets/Comp01/PAAE_Catacombs_Comp01_Cylinder_004.uasset" 267
"../../../../../../Users/mssvr1/Documents/Unreal Projects/CastleTest/arvr_new/arvr/Content/PaigeAssets/Comp01/PAAE_Catacombs_Comp01_Cylinder_003.uasset" 268
"../../../../../../Users/mssvr1/Documents/Unreal Projects/CastleTest/arvr_new/arvr/Content/PaigeAssets/Comp01/PAAE_Catacombs_Comp01_Cylinder_002.uasset" 269
"../../../../../../Users/mssvr1/Documents/Unreal Projects/CastleTest/arvr_new/arvr/Content/PaigeAssets/Comp01/PAAE_Catacombs_Comp01_Cylinder_001.uasset" 270
"../../../../../../Users/mssvr1/Documents/Unreal Projects/CastleTest/arvr_new/arvr/Content/PaigeAssets/Comp01/PAAE_Catacombs_Comp01_Chain.uasset" 271
"../../../../../../Users/mssvr1/Documents/Unreal Projects/CastleTest/arvr_new/arvr/Content/M5VFXVOL2/Textures/Flow/disort_test.uasset" 272
"../../../../../../Users/mssvr1/Documents/Unreal Projects/CastleTest/arvr_new/arvr/Content/M5VFXVOL2/Textures/CandleFire/CandleFire_S.uasset" 273
"../../../../../../Users/mssvr1/Documents/Unreal Projects/CastleTest/arvr_new/arvr/Content/M5VFXVOL2/Materials/Master/Single_Disort_W_Mat.uasset" 274
"../../../../../../Users/mssvr1/Documents/Unreal Projects/CastleTest/arvr_new/arvr/Content/M5VFXVOL2/Materials/CandleFire_Inst/CandleFire_W_Inst.uasset" 275
"../../../../../../Users/mssvr1/Documents/Unreal Projects/CastleTest/arvr_new/arvr/Content/M5VFXVOL2/Props/Meshes/halfplan_mesh.uasset" 276
"../../../../../../Users/mssvr1/Documents/Unreal Projects/CastleTest/arvr_new/arvr/Content/M5VFXVOL2/Particles/Reference/Candlefire/0_CandleFire_pt3.uasset" 277
"../../../Engine/Content/Functions/Engine_MaterialFunctions02/Texturing/CustomRotator.uasset" 278
"../../../../../../Users/mssvr1/Documents/Unreal Projects/CastleTest/arvr_new/arvr/Content/M5VFXVOL2/Materials/Master/Single_Disort_Mat.uasset" 279
"../../../../../../Users/mssvr1/Documents/Unreal Projects/CastleTest/arvr_new/arvr/Content/M5VFXVOL2/Materials/CandleFire_Inst/CandleFire_Inst.uasset" 280
"../../../../../../Users/mssvr1/Documents/Unreal Projects/CastleTest/arvr_new/arvr/Content/M5VFXVOL2/Particles/Reference/Candlefire/0_CandleFire_pt2.uasset" 281
"../../../../../../Users/mssvr1/Documents/Unreal Projects/CastleTest/arvr_new/arvr/Content/M5VFXVOL2/Textures/CandleFire/CandleFire_D.uasset" 282
"../../../../../../Users/mssvr1/Documents/Unreal Projects/CastleTest/arvr_new/arvr/Content/M5VFXVOL2/Materials/Master/Sequence_Mat.uasset" 283
"../../../../../../Users/mssvr1/Documents/Unreal Projects/CastleTest/arvr_new/arvr/Content/M5VFXVOL2/Materials/CandleFire_Inst/CandleFire_S_Inst.uasset" 284
"../../../../../../Users/mssvr1/Documents/Unreal Projects/CastleTest/arvr_new/arvr/Content/M5VFXVOL2/Particles/Reference/Candlefire/0_CandleFire_pt.uasset" 285
"../../../Engine/Content/BasicShapes/Plane.uasset" 286
"../../../Engine/Content/BasicShapes/Cube.uasset" 287
"../../../../../../Users/mssvr1/Documents/Unreal Projects/CastleTest/arvr_new/arvr/Content/Materials/glowingmat.uasset" 288
"../../../../../../Users/mssvr1/Documents/Unreal Projects/CastleTest/arvr_new/arvr/Content/Materials/YELLOWGLOWMAT.uasset" 289
"../../../../../../Users/mssvr1/Documents/Unreal Projects/CastleTest/arvr_new/arvr/Content/Materials/whitebrigght.uasset" 290
"../../../../../../Users/mssvr1/Documents/Unreal Projects/CastleTest/arvr_new/arvr/Content/Materials/REDGLOWMAT.uasset" 291
"../../../../../../Users/mssvr1/Documents/Unreal Projects/CastleTest/arvr_new/arvr/Content/Materials/StageBubbleMaterial.uasset" 292
"../../../../../../Users/mssvr1/Documents/Unreal Projects/CastleTest/arvr_new/arvr/Content/Level/PicturesStage_BuiltData.uasset" 293
"../../../Engine/Content/EditorBlueprintResources/ActorMacros.uasset" 294
"../../../../../../Users/mssvr1/Documents/Unreal Projects/CastleTest/arvr_new/arvr/Content/Geometry/invertedsphere.uasset" 295
"../../../../../../Users/mssvr1/Documents/Unreal Projects/CastleTest/arvr_new/arvr/Content/Dance_anim_content/Character/Mannequin/Character/Mesh/SK_Mannequin_PhysicsAsset.uasset" 296
"../../../../../../Users/mssvr1/Documents/Unreal Projects/CastleTest/arvr_new/arvr/Content/Dance_anim_content/Character/Mannequin/Character/Textures/UE4Man_Logo_N.uasset" 297
"../../../../../../Users/mssvr1/Documents/Unreal Projects/CastleTest/arvr_new/arvr/Content/Dance_anim_content/Character/Mannequin/Character/Textures/UE4_Mannequin_MAT_MASKA.uasset" 298
"../../../../../../Users/mssvr1/Documents/Unreal Projects/CastleTest/arvr_new/arvr/Content/Dance_anim_content/Character/Mannequin/Character/Textures/UE4_Mannequin__normals.uasset" 299
"../../../../../../Users/mssvr1/Documents/Unreal Projects/CastleTest/arvr_new/arvr/Content/Dance_anim_content/Character/Mannequin/Character/Materials/MaterialLayers/T_ML_Aluminum01_N.uasset" 300
"../../../../../../Users/mssvr1/Documents/Unreal Projects/CastleTest/arvr_new/arvr/Content/Dance_anim_content/Character/Mannequin/Character/Materials/MaterialLayers/T_ML_Aluminum01.uasset" 301
"../../../../../../Users/mssvr1/Documents/Unreal Projects/CastleTest/arvr_new/arvr/Content/Dance_anim_content/Character/Mannequin/Character/Materials/MaterialLayers/ML_SoftMetal_UE4.uasset" 302
"../../../../../../Users/mssvr1/Documents/Unreal Projects/CastleTest/arvr_new/arvr/Content/Dance_anim_content/Character/Mannequin/Character/Textures/UE4_LOGO_CARD.uasset" 303
"../../../../../../Users/mssvr1/Documents/Unreal Projects/CastleTest/arvr_new/arvr/Content/Dance_anim_content/Character/Mannequin/Character/Materials/MaterialLayers/ML_Plastic_Shiny_Beige_LOGO.uasset" 304
"../../../../../../Users/mssvr1/Documents/Unreal Projects/CastleTest/arvr_new/arvr/Content/Dance_anim_content/Character/Mannequin/Character/Materials/MaterialLayers/ML_Plastic_Shiny_Beige.uasset" 305
"../../../../../../Users/mssvr1/Documents/Unreal Projects/CastleTest/arvr_new/arvr/Content/Dance_anim_content/Character/Mannequin/Character/Materials/MaterialLayers/T_ML_Rubber_Blue_01_N.uasset" 306
"../../../../../../Users/mssvr1/Documents/Unreal Projects/CastleTest/arvr_new/arvr/Content/Dance_anim_content/Character/Mannequin/Character/Materials/MaterialLayers/T_ML_Rubber_Blue_01_D.uasset" 307
"../../../../../../Users/mssvr1/Documents/Unreal Projects/CastleTest/arvr_new/arvr/Content/Dance_anim_content/Character/Mannequin/Character/Materials/MaterialLayers/ML_GlossyBlack_Latex_UE4.uasset" 308
"../../../Engine/Content/Functions/MaterialLayerFunctions/MatLayerBlend_Simple.uasset" 309
"../../../Engine/Content/Functions/Engine_MaterialFunctions02/Utility/BlendAngleCorrectedNormals.uasset" 310
"../../../Engine/Content/Functions/MaterialLayerFunctions/MatLayerBlend_NormalBlend.uasset" 311
"../../../../../../Users/mssvr1/Documents/Unreal Projects/CastleTest/arvr_new/arvr/Content/Dance_anim_content/Character/Mannequin/Character/Materials/M_UE4Man_Body.uasset" 312
"../../../../../../Users/mssvr1/Documents/Unreal Projects/CastleTest/arvr_new/arvr/Content/Dance_anim_content/Character/Mannequin/Character/Materials/M_UE4Man_ChestLogo.uasset" 313
"../../../Engine/Content/EngineMeshes/Humanoid.uasset" 314
"../../../../../../Users/mssvr1/Documents/Unreal Projects/CastleTest/arvr_new/arvr/Content/Dance_anim_content/Character/Mannequin/Character/Mesh/UE4_Mannequin_Skeleton.uasset" 315
"../../../../../../Users/mssvr1/Documents/Unreal Projects/CastleTest/arvr_new/arvr/Content/Dance_anim_content/Character/Mannequin/Character/Mesh/SK_Mannequin.uasset" 316
"../../../../../../Users/mssvr1/Documents/Unreal Projects/CastleTest/arvr_new/arvr/Content/Dance_anim_content/Animations/Gangnam_style/GangnamStyle4UE4.uasset" 317
"../../../../../../Users/mssvr1/Documents/Unreal Projects/CastleTest/arvr_new/arvr/Content/Dance_anim_content/Blueprint/Dances_types.uasset" 318
"../../../../../../Users/mssvr1/Documents/Unreal Projects/CastleTest/arvr_new/arvr/Content/Dance_anim_content/Animations/YMCA/YmcaDance4UE4.uasset" 319
"../../../../../../Users/mssvr1/Documents/Unreal Projects/CastleTest/arvr_new/arvr/Content/Dance_anim_content/Animations/Twist/TwistDance34UE4.uasset" 320
"../../../../../../Users/mssvr1/Documents/Unreal Projects/CastleTest/arvr_new/arvr/Content/Dance_anim_content/Animations/Twist/TwistDance24UE4.uasset" 321
"../../../../../../Users/mssvr1/Documents/Unreal Projects/CastleTest/arvr_new/arvr/Content/Dance_anim_content/Animations/Twist/TwistDance14UE4.uasset" 322
"../../../../../../Users/mssvr1/Documents/Unreal Projects/CastleTest/arvr_new/arvr/Content/Dance_anim_content/Animations/Twerk/DancingTwerk4UE4.uasset" 323
"../../../../../../Users/mssvr1/Documents/Unreal Projects/CastleTest/arvr_new/arvr/Content/Dance_anim_content/Animations/Thriller/ThrillerPart44UE4.uasset" 324
"../../../../../../Users/mssvr1/Documents/Unreal Projects/CastleTest/arvr_new/arvr/Content/Dance_anim_content/Animations/Thriller/ThrillerPart34UE4.uasset" 325
"../../../../../../Users/mssvr1/Documents/Unreal Projects/CastleTest/arvr_new/arvr/Content/Dance_anim_content/Animations/Thriller/ThrillerPart24UE4.uasset" 326
"../../../../../../Users/mssvr1/Documents/Unreal Projects/CastleTest/arvr_new/arvr/Content/Dance_anim_content/Animations/Thriller/ThrillerPart14UE4.uasset" 327
"../../../../../../Users/mssvr1/Documents/Unreal Projects/CastleTest/arvr_new/arvr/Content/Dance_anim_content/Animations/Thriller/ThrillerIdle4UE4.uasset" 328
"../../../../../../Users/mssvr1/Documents/Unreal Projects/CastleTest/arvr_new/arvr/Content/Dance_anim_content/Animations/Thriller/Moonwalk4UE4.uasset" 329
"../../../../../../Users/mssvr1/Documents/Unreal Projects/CastleTest/arvr_new/arvr/Content/Dance_anim_content/Animations/Swing/SwingDancing54UE4.uasset" 330
"../../../../../../Users/mssvr1/Documents/Unreal Projects/CastleTest/arvr_new/arvr/Content/Dance_anim_content/Animations/Swing/SwingDancing4UE4.uasset" 331
"../../../../../../Users/mssvr1/Documents/Unreal Projects/CastleTest/arvr_new/arvr/Content/Dance_anim_content/Animations/Swing/SwingDancing44UE4.uasset" 332
"../../../../../../Users/mssvr1/Documents/Unreal Projects/CastleTest/arvr_new/arvr/Content/Dance_anim_content/Animations/Swing/SwingDancing34UE4.uasset" 333
"../../../../../../Users/mssvr1/Documents/Unreal Projects/CastleTest/arvr_new/arvr/Content/Dance_anim_content/Animations/Swing/SwingDancing24UE4.uasset" 334
"../../../../../../Users/mssvr1/Documents/Unreal Projects/CastleTest/arvr_new/arvr/Content/Dance_anim_content/Animations/Soul/NorthernSoulSpinCombo4UE4.uasset" 335
"../../../../../../Users/mssvr1/Documents/Unreal Projects/CastleTest/arvr_new/arvr/Content/Dance_anim_content/Animations/Soul/NorthernSoulSpin4UE4.uasset" 336
"../../../../../../Users/mssvr1/Documents/Unreal Projects/CastleTest/arvr_new/arvr/Content/Dance_anim_content/Animations/Soul/NorthernSoulFloorSpin4UE4.uasset" 337
"../../../../../../Users/mssvr1/Documents/Unreal Projects/CastleTest/arvr_new/arvr/Content/Dance_anim_content/Animations/Soul/NorthernSoulFloorCombo4UE4.uasset" 338
"../../../../../../Users/mssvr1/Documents/Unreal Projects/CastleTest/arvr_new/arvr/Content/Dance_anim_content/Animations/Soul/NorthernSoulDance4UE4.uasset" 339
"../../../../../../Users/mssvr1/Documents/Unreal Projects/CastleTest/arvr_new/arvr/Content/Dance_anim_content/Animations/Shuffle/shuffle5UE4.uasset" 340
"../../../../../../Users/mssvr1/Documents/Unreal Projects/CastleTest/arvr_new/arvr/Content/Dance_anim_content/Animations/Shuffle/shuffle4UE4.uasset" 341
"../../../../../../Users/mssvr1/Documents/Unreal Projects/CastleTest/arvr_new/arvr/Content/Dance_anim_content/Animations/shopping_cart/ShoppingCartDance4UE4.uasset" 342
"../../../../../../Users/mssvr1/Documents/Unreal Projects/CastleTest/arvr_new/arvr/Content/Dance_anim_content/Animations/sexy/BellyDance4UE4.uasset" 343
"../../../../../../Users/mssvr1/Documents/Unreal Projects/CastleTest/arvr_new/arvr/Content/Dance_anim_content/Animations/sexy/BellyDance24UE4.uasset" 344
"../../../../../../Users/mssvr1/Documents/Unreal Projects/CastleTest/arvr_new/arvr/Content/Dance_anim_content/Animations/Samba/SambaDancing84UE4.uasset" 345
"../../../../../../Users/mssvr1/Documents/Unreal Projects/CastleTest/arvr_new/arvr/Content/Dance_anim_content/Animations/Samba/SambaDancing74UE4.uasset" 346
"../../../../../../Users/mssvr1/Documents/Unreal Projects/CastleTest/arvr_new/arvr/Content/Dance_anim_content/Animations/Samba/SambaDancing64UE4.uasset" 347
"../../../../../../Users/mssvr1/Documents/Unreal Projects/CastleTest/arvr_new/arvr/Content/Dance_anim_content/Animations/Samba/SambaDancing54UE4.uasset" 348
"../../../../../../Users/mssvr1/Documents/Unreal Projects/CastleTest/arvr_new/arvr/Content/Dance_anim_content/Animations/Samba/SambaDancing4UE4.uasset" 349
"../../../../../../Users/mssvr1/Documents/Unreal Projects/CastleTest/arvr_new/arvr/Content/Dance_anim_content/Animations/Samba/SambaDancing44UE4.uasset" 350
"../../../../../../Users/mssvr1/Documents/Unreal Projects/CastleTest/arvr_new/arvr/Content/Dance_anim_content/Animations/Samba/SambaDancing34UE4.uasset" 351
"../../../../../../Users/mssvr1/Documents/Unreal Projects/CastleTest/arvr_new/arvr/Content/Dance_anim_content/Animations/Samba/SambaDancing24UE4.uasset" 352
"../../../../../../Users/mssvr1/Documents/Unreal Projects/CastleTest/arvr_new/arvr/Content/Dance_anim_content/Animations/Salsa/SalsaDancingBoyGirl4UE4.uasset" 353
"../../../../../../Users/mssvr1/Documents/Unreal Projects/CastleTest/arvr_new/arvr/Content/Dance_anim_content/Animations/Salsa/SalsaDancing9BoyGirl4UE4.uasset" 354
"../../../../../../Users/mssvr1/Documents/Unreal Projects/CastleTest/arvr_new/arvr/Content/Dance_anim_content/Animations/Salsa/SalsaDancing8BoyGirl4UE4.uasset" 355
"../../../../../../Users/mssvr1/Documents/Unreal Projects/CastleTest/arvr_new/arvr/Content/Dance_anim_content/Animations/Salsa/SalsaDancing7BoyGirl4UE4.uasset" 356
"../../../../../../Users/mssvr1/Documents/Unreal Projects/CastleTest/arvr_new/arvr/Content/Dance_anim_content/Animations/Salsa/SalsaDancing5BoyGirl4UE4.uasset" 357
"../../../../../../Users/mssvr1/Documents/Unreal Projects/CastleTest/arvr_new/arvr/Content/Dance_anim_content/Animations/Salsa/SalsaDancing4BoyGirl4UE4.uasset" 358
"../../../../../../Users/mssvr1/Documents/Unreal Projects/CastleTest/arvr_new/arvr/Content/Dance_anim_content/Animations/Salsa/SalsaDancing3BoyGirl4UE4.uasset" 359
"../../../../../../Users/mssvr1/Documents/Unreal Projects/CastleTest/arvr_new/arvr/Content/Dance_anim_content/Animations/Salsa/SalsaDancing2BoyGirl4UE4.uasset" 360
"../../../../../../Users/mssvr1/Documents/Unreal Projects/CastleTest/arvr_new/arvr/Content/Dance_anim_content/Animations/Salsa/SalsaDancing10BoyGirl4UE4.uasset" 361
"../../../../../../Users/mssvr1/Documents/Unreal Projects/CastleTest/arvr_new/arvr/Content/Dance_anim_content/Animations/Salsa/girl/SalsaDancing6GIRL4UE4.uasset" 362
"../../../../../../Users/mssvr1/Documents/Unreal Projects/CastleTest/arvr_new/arvr/Content/Dance_anim_content/Animations/saloon/saloon2.uasset" 363
"../../../../../../Users/mssvr1/Documents/Unreal Projects/CastleTest/arvr_new/arvr/Content/Dance_anim_content/Animations/saloon/saloon1.uasset" 364
"../../../../../../Users/mssvr1/Documents/Unreal Projects/CastleTest/arvr_new/arvr/Content/Dance_anim_content/Animations/Rumba/Rumba_Dancing_4UE4.uasset" 365
"../../../../../../Users/mssvr1/Documents/Unreal Projects/CastleTest/arvr_new/arvr/Content/Dance_anim_content/Animations/Rock/rock4UE4.uasset" 366
"../../../../../../Users/mssvr1/Documents/Unreal Projects/CastleTest/arvr_new/arvr/Content/Dance_anim_content/Animations/Robotic/Robot__4.uasset" 367
"../../../../../../Users/mssvr1/Documents/Unreal Projects/CastleTest/arvr_new/arvr/Content/Dance_anim_content/Animations/Robotic/Robot__3_.uasset" 368
"../../../../../../Users/mssvr1/Documents/Unreal Projects/CastleTest/arvr_new/arvr/Content/Dance_anim_content/Animations/Robotic/Robot__2_.uasset" 369
"../../../../../../Users/mssvr1/Documents/Unreal Projects/CastleTest/arvr_new/arvr/Content/Dance_anim_content/Animations/Robotic/Robot__1_.uasset" 370
"../../../../../../Users/mssvr1/Documents/Unreal Projects/CastleTest/arvr_new/arvr/Content/Dance_anim_content/Animations/Oriental/ORIENTAL34UE4.uasset" 371
"../../../../../../Users/mssvr1/Documents/Unreal Projects/CastleTest/arvr_new/arvr/Content/Dance_anim_content/Animations/Oriental/ORIENTAL24UE4.uasset" 372
"../../../../../../Users/mssvr1/Documents/Unreal Projects/CastleTest/arvr_new/arvr/Content/Dance_anim_content/Animations/Oriental/ORIENTAL14UE4.uasset" 373
"../../../../../../Users/mssvr1/Documents/Unreal Projects/CastleTest/arvr_new/arvr/Content/Dance_anim_content/Animations/Marashino_step/DancingMaraschinoStep4UE4.uasset" 374
"../../../../../../Users/mssvr1/Documents/Unreal Projects/CastleTest/arvr_new/arvr/Content/Dance_anim_content/Animations/Macarena/Macarena_Dance_4UE4.uasset" 375
"../../../../../../Users/mssvr1/Documents/Unreal Projects/CastleTest/arvr_new/arvr/Content/Dance_anim_content/Animations/Jazz/JazzDancing4UE4.uasset" 376
"../../../../../../Users/mssvr1/Documents/Unreal Projects/CastleTest/arvr_new/arvr/Content/Dance_anim_content/Animations/Jazz/JazzDancing44UE4.uasset" 377
"../../../../../../Users/mssvr1/Documents/Unreal Projects/CastleTest/arvr_new/arvr/Content/Dance_anim_content/Animations/Jazz/JazzDancing34UE4.uasset" 378
"../../../../../../Users/mssvr1/Documents/Unreal Projects/CastleTest/arvr_new/arvr/Content/Dance_anim_content/Animations/Jazz/JazzDancing24UE4.uasset" 379
"../../../../../../Users/mssvr1/Documents/Unreal Projects/CastleTest/arvr_new/arvr/Content/Dance_anim_content/Animations/idle.uasset" 380
"../../../../../../Users/mssvr1/Documents/Unreal Projects/CastleTest/arvr_new/arvr/Content/Dance_anim_content/Animations/House/HouseDancing4UE4.uasset" 381
"../../../../../../Users/mssvr1/Documents/Unreal Projects/CastleTest/arvr_new/arvr/Content/Dance_anim_content/Animations/House/HouseDancing34UE4.uasset" 382
"../../../../../../Users/mssvr1/Documents/Unreal Projects/CastleTest/arvr_new/arvr/Content/Dance_anim_content/Animations/House/HouseDancing24UE4.uasset" 383
"../../../../../../Users/mssvr1/Documents/Unreal Projects/CastleTest/arvr_new/arvr/Content/Dance_anim_content/Animations/Hokey_pokey/HokeyPokey4UE4.uasset" 384
"../../../../../../Users/mssvr1/Documents/Unreal Projects/CastleTest/arvr_new/arvr/Content/Dance_anim_content/Animations/Hip_Hop/Girl/StepHipHopDance4UE4.uasset" 385
"../../../../../../Users/mssvr1/Documents/Unreal Projects/CastleTest/arvr_new/arvr/Content/Dance_anim_content/Animations/Hip_Hop/Girl/SnakeHipHopDance4UE4.uasset" 386
"../../../../../../Users/mssvr1/Documents/Unreal Projects/CastleTest/arvr_new/arvr/Content/Dance_anim_content/Animations/Hip_Hop/Girl/HipHopDancing_9_4UE4.uasset" 387
"../../../../../../Users/mssvr1/Documents/Unreal Projects/CastleTest/arvr_new/arvr/Content/Dance_anim_content/Animations/Hip_Hop/Girl/HipHopDancing_8_4UE4.uasset" 388
"../../../../../../Users/mssvr1/Documents/Unreal Projects/CastleTest/arvr_new/arvr/Content/Dance_anim_content/Animations/Hip_Hop/Girl/HipHopDancing_7_4UE4.uasset" 389
"../../../../../../Users/mssvr1/Documents/Unreal Projects/CastleTest/arvr_new/arvr/Content/Dance_anim_content/Animations/Hip_Hop/Girl/HipHopDancing_6_4UE4.uasset" 390
"../../../../../../Users/mssvr1/Documents/Unreal Projects/CastleTest/arvr_new/arvr/Content/Dance_anim_content/Animations/Hip_Hop/Girl/HipHopDancing_4_4UE4.uasset" 391
"../../../../../../Users/mssvr1/Documents/Unreal Projects/CastleTest/arvr_new/arvr/Content/Dance_anim_content/Animations/Hip_Hop/Girl/HipHopDancing_3_4UE4.uasset" 392
"../../../../../../Users/mssvr1/Documents/Unreal Projects/CastleTest/arvr_new/arvr/Content/Dance_anim_content/Animations/Hip_Hop/Girl/HipHopDancing_2_4UE4.uasset" 393
"../../../../../../Users/mssvr1/Documents/Unreal Projects/CastleTest/arvr_new/arvr/Content/Dance_anim_content/Animations/Hip_Hop/Girl/HipHopDancing_1_4UE4.uasset" 394
"../../../../../../Users/mssvr1/Documents/Unreal Projects/CastleTest/arvr_new/arvr/Content/Dance_anim_content/Animations/Hip_Hop/Girl/HipHopDancing_11_4UE4.uasset" 395
"../../../../../../Users/mssvr1/Documents/Unreal Projects/CastleTest/arvr_new/arvr/Content/Dance_anim_content/Animations/Hip_Hop/Girl/HipHopDancing_10_4UE4.uasset" 396
"../../../../../../Users/mssvr1/Documents/Unreal Projects/CastleTest/arvr_new/arvr/Content/Dance_anim_content/Animations/Hip_Hop/Girl/HipHopDancing4UE4.uasset" 397
"../../../../../../Users/mssvr1/Documents/Unreal Projects/CastleTest/arvr_new/arvr/Content/Dance_anim_content/Animations/Hip_Hop/Girl/Dancing4UE4.uasset" 398
"../../../../../../Users/mssvr1/Documents/Unreal Projects/CastleTest/arvr_new/arvr/Content/Dance_anim_content/Animations/Hip_Hop/Girl/BootyHipHopDance4UE4.uasset" 399
"../../../../../../Users/mssvr1/Documents/Unreal Projects/CastleTest/arvr_new/arvr/Content/Dance_anim_content/Animations/Hip_Hop/Girl/BboyHipHopMove_1_4UE4.uasset" 400
"../../../../../../Users/mssvr1/Documents/Unreal Projects/CastleTest/arvr_new/arvr/Content/Dance_anim_content/Animations/Hip_Hop/Boy/WaveHipHopDance_2_4UE4.uasset" 401
"../../../../../../Users/mssvr1/Documents/Unreal Projects/CastleTest/arvr_new/arvr/Content/Dance_anim_content/Animations/Hip_Hop/Boy/WaveHipHopDance_1_4UE4.uasset" 402
"../../../../../../Users/mssvr1/Documents/Unreal Projects/CastleTest/arvr_new/arvr/Content/Dance_anim_content/Animations/Hip_Hop/Boy/WaveHipHopDance4UE4.uasset" 403
"../../../../../../Users/mssvr1/Documents/Unreal Projects/CastleTest/arvr_new/arvr/Content/Dance_anim_content/Animations/Hip_Hop/Boy/TutHipHopDance_1_4UE4.uasset" 404
"../../../../../../Users/mssvr1/Documents/Unreal Projects/CastleTest/arvr_new/arvr/Content/Dance_anim_content/Animations/Hip_Hop/Boy/TutHipHopDance4UE4.uasset" 405
"../../../../../../Users/mssvr1/Documents/Unreal Projects/CastleTest/arvr_new/arvr/Content/Dance_anim_content/Animations/Hip_Hop/Boy/SlideHipHopWalk4UE4.uasset" 406
"../../../../../../Users/mssvr1/Documents/Unreal Projects/CastleTest/arvr_new/arvr/Content/Dance_anim_content/Animations/Hip_Hop/Boy/SlideHipHopDance4UE4.uasset" 407
"../../../../../../Users/mssvr1/Documents/Unreal Projects/CastleTest/arvr_new/arvr/Content/Dance_anim_content/Animations/Hip_Hop/Boy/LockingHipHopDance4UE4.uasset" 408
"../../../../../../Users/mssvr1/Documents/Unreal Projects/CastleTest/arvr_new/arvr/Content/Dance_anim_content/Animations/Hip_Hop/Boy/HipHopDancing_5_4UE4.uasset" 409
"../../../../../../Users/mssvr1/Documents/Unreal Projects/CastleTest/arvr_new/arvr/Content/Dance_anim_content/Animations/Hip_Hop/Boy/HipHopDancing4UE4.uasset" 410
"../../../../../../Users/mssvr1/Documents/Unreal Projects/CastleTest/arvr_new/arvr/Content/Dance_anim_content/Animations/Hip_Hop/Boy/BboyHipHopMove4UE4.uasset" 411
"../../../../../../Users/mssvr1/Documents/Unreal Projects/CastleTest/arvr_new/arvr/Content/Dance_anim_content/Animations/Classic/classic_dance.uasset" 412
"../../../../../../Users/mssvr1/Documents/Unreal Projects/CastleTest/arvr_new/arvr/Content/Dance_anim_content/Animations/Chicken/ChickenDance4UE4.uasset" 413
"../../../../../../Users/mssvr1/Documents/Unreal Projects/CastleTest/arvr_new/arvr/Content/Dance_anim_content/Animations/Capoeira/2331-Ginga_Backward_4UE4.uasset" 414
"../../../../../../Users/mssvr1/Documents/Unreal Projects/CastleTest/arvr_new/arvr/Content/Dance_anim_content/Animations/Capoeira/2328-Chapa_Giratoria_2_4UE4.uasset" 415
"../../../../../../Users/mssvr1/Documents/Unreal Projects/CastleTest/arvr_new/arvr/Content/Dance_anim_content/Animations/Capoeira/2326-Rasteira_1_4UE4.uasset" 416
"../../../../../../Users/mssvr1/Documents/Unreal Projects/CastleTest/arvr_new/arvr/Content/Dance_anim_content/Animations/Capoeira/2294-Ginga_Sideways_1_4UE4.uasset" 417
"../../../../../../Users/mssvr1/Documents/Unreal Projects/CastleTest/arvr_new/arvr/Content/Dance_anim_content/Animations/Capoeira/2292-Macaco_Side_4UE4.uasset" 418
"../../../../../../Users/mssvr1/Documents/Unreal Projects/CastleTest/arvr_new/arvr/Content/Dance_anim_content/Animations/Capoeira/2291-Pontera_4UE4.uasset" 419
"../../../../../../Users/mssvr1/Documents/Unreal Projects/CastleTest/arvr_new/arvr/Content/Dance_anim_content/Animations/Capoeira/2094-Troca_1_4UE4.uasset" 420
"../../../../../../Users/mssvr1/Documents/Unreal Projects/CastleTest/arvr_new/arvr/Content/Dance_anim_content/Animations/Capoeira/2064-Capoeira_4UE4.uasset" 421
"../../../../../../Users/mssvr1/Documents/Unreal Projects/CastleTest/arvr_new/arvr/Content/Dance_anim_content/Animations/Capoeira/1877-Armada_To_Esquiva_4UE4.uasset" 422
"../../../../../../Users/mssvr1/Documents/Unreal Projects/CastleTest/arvr_new/arvr/Content/Dance_anim_content/Animations/Capoeira/1874-Esquiva_1_4UE4.uasset" 423
"../../../../../../Users/mssvr1/Documents/Unreal Projects/CastleTest/arvr_new/arvr/Content/Dance_anim_content/Animations/Capoeira/1686-Chapa-Giratoria_4UE4.uasset" 424
"../../../../../../Users/mssvr1/Documents/Unreal Projects/CastleTest/arvr_new/arvr/Content/Dance_anim_content/Animations/Capoeira/1685-Queshada_1_4UE4.uasset" 425
"../../../../../../Users/mssvr1/Documents/Unreal Projects/CastleTest/arvr_new/arvr/Content/Dance_anim_content/Animations/Capoeira/1684-Ginga_Sideways_2_4UE4.uasset" 426
"../../../../../../Users/mssvr1/Documents/Unreal Projects/CastleTest/arvr_new/arvr/Content/Dance_anim_content/Animations/Capoeira/1681-Ginga_Forward_4UE4.uasset" 427
"../../../../../../Users/mssvr1/Documents/Unreal Projects/CastleTest/arvr_new/arvr/Content/Dance_anim_content/Animations/Capoeira/1663-Martelo_2_4UE4.uasset" 428
"../../../../../../Users/mssvr1/Documents/Unreal Projects/CastleTest/arvr_new/arvr/Content/Dance_anim_content/Animations/Capoeira/1337-Esquiva_2_4UE4.uasset" 429
"../../../../../../Users/mssvr1/Documents/Unreal Projects/CastleTest/arvr_new/arvr/Content/Dance_anim_content/Animations/Capoeira/1334-Armada_4UE4.uasset" 430
"../../../../../../Users/mssvr1/Documents/Unreal Projects/CastleTest/arvr_new/arvr/Content/Dance_anim_content/Animations/Capoeira/1332-Rasteira_2_4UE4.uasset" 431
"../../../../../../Users/mssvr1/Documents/Unreal Projects/CastleTest/arvr_new/arvr/Content/Dance_anim_content/Animations/Capoeira/1103-Au_To_Role_4UE4.uasset" 432
"../../../../../../Users/mssvr1/Documents/Unreal Projects/CastleTest/arvr_new/arvr/Content/Dance_anim_content/Animations/Capoeira/1101-Ginga_Variation_1_4UE4.uasset" 433
"../../../../../../Users/mssvr1/Documents/Unreal Projects/CastleTest/arvr_new/arvr/Content/Dance_anim_content/Animations/Capoeira/1099-Martelo_3_4UE4.uasset" 434
"../../../../../../Users/mssvr1/Documents/Unreal Projects/CastleTest/arvr_new/arvr/Content/Dance_anim_content/Animations/Capoeira/1098-Chapaeu_De_Couro_4UE4.uasset" 435
"../../../../../../Users/mssvr1/Documents/Unreal Projects/CastleTest/arvr_new/arvr/Content/Dance_anim_content/Animations/Capoeira/0861-Esquiva_3_4UE4.uasset" 436
"../../../../../../Users/mssvr1/Documents/Unreal Projects/CastleTest/arvr_new/arvr/Content/Dance_anim_content/Animations/Capoeira/0809-Ginga_Variation_2_4UE4.uasset" 437
"../../../../../../Users/mssvr1/Documents/Unreal Projects/CastleTest/arvr_new/arvr/Content/Dance_anim_content/Animations/Capoeira/0571-Meia_Lua_De_Compasso_4UE4.uasset" 438
"../../../../../../Users/mssvr1/Documents/Unreal Projects/CastleTest/arvr_new/arvr/Content/Dance_anim_content/Animations/Capoeira/0570-Bencao_4UE4.uasset" 439
"../../../../../../Users/mssvr1/Documents/Unreal Projects/CastleTest/arvr_new/arvr/Content/Dance_anim_content/Animations/Capoeira/0567-Ginga_Sideways_To_Au_4UE4.uasset" 440
"../../../../../../Users/mssvr1/Documents/Unreal Projects/CastleTest/arvr_new/arvr/Content/Dance_anim_content/Animations/Capoeira/0566-Martelo_Do_Chau_Sem_Mao_4UE4.uasset" 441
"../../../../../../Users/mssvr1/Documents/Unreal Projects/CastleTest/arvr_new/arvr/Content/Dance_anim_content/Animations/Capoeira/0564-Esquiva_4_4UE4.uasset" 442
"../../../../../../Users/mssvr1/Documents/Unreal Projects/CastleTest/arvr_new/arvr/Content/Dance_anim_content/Animations/Capoeira/0563-Au_4UE4.uasset" 443
"../../../../../../Users/mssvr1/Documents/Unreal Projects/CastleTest/arvr_new/arvr/Content/Dance_anim_content/Animations/Capoeira/0331-Meia_Lua_De_Compasso_Back_4UE4.uasset" 444
"../../../../../../Users/mssvr1/Documents/Unreal Projects/CastleTest/arvr_new/arvr/Content/Dance_anim_content/Animations/Capoeira/0329-Ginga_Variation_3_4UE4.uasset" 445
"../../../../../../Users/mssvr1/Documents/Unreal Projects/CastleTest/arvr_new/arvr/Content/Dance_anim_content/Animations/Capoeira/0328-Esquiva_5_4UE4.uasset" 446
"../../../../../../Users/mssvr1/Documents/Unreal Projects/CastleTest/arvr_new/arvr/Content/Dance_anim_content/Animations/Capoeira/0323-Chapa_2_4UE4.uasset" 447
"../../../../../../Users/mssvr1/Documents/Unreal Projects/CastleTest/arvr_new/arvr/Content/Dance_anim_content/Animations/Capoeira/0316-Martelo_Do_Chau_4UE4.uasset" 448
"../../../../../../Users/mssvr1/Documents/Unreal Projects/CastleTest/arvr_new/arvr/Content/Dance_anim_content/Animations/Capoeira/0312-Queshada_2_4UE4.uasset" 449
"../../../../../../Users/mssvr1/Documents/Unreal Projects/CastleTest/arvr_new/arvr/Content/Dance_anim_content/Animations/Capoeira/0283-Meia_Lua_De_Frente_4UE4.uasset" 450
"../../../../../../Users/mssvr1/Documents/Unreal Projects/CastleTest/arvr_new/arvr/Content/Dance_anim_content/Animations/Capoeira/0008-Capoeira_4UE4.uasset" 451
"../../../../../../Users/mssvr1/Documents/Unreal Projects/CastleTest/arvr_new/arvr/Content/Dance_anim_content/Animations/Breakdance/breakdanceuprockvar1start4UE4.uasset" 452
"../../../../../../Users/mssvr1/Documents/Unreal Projects/CastleTest/arvr_new/arvr/Content/Dance_anim_content/Animations/Breakdance/breakdanceuprockvar1end4UE4.uasset" 453
"../../../../../../Users/mssvr1/Documents/Unreal Projects/CastleTest/arvr_new/arvr/Content/Dance_anim_content/Animations/Breakdance/breakdanceuprockvar14UE4.uasset" 454
"../../../../../../Users/mssvr1/Documents/Unreal Projects/CastleTest/arvr_new/arvr/Content/Dance_anim_content/Animations/Breakdance/breakdanceuprocktoground_2_4UE4.uasset" 455
"../../../../../../Users/mssvr1/Documents/Unreal Projects/CastleTest/arvr_new/arvr/Content/Dance_anim_content/Animations/Breakdance/breakdanceuprocktoground4UE4.uasset" 456
"../../../../../../Users/mssvr1/Documents/Unreal Projects/CastleTest/arvr_new/arvr/Content/Dance_anim_content/Animations/Breakdance/breakdanceuprock_2_4UE4.uasset" 457
"../../../../../../Users/mssvr1/Documents/Unreal Projects/CastleTest/arvr_new/arvr/Content/Dance_anim_content/Animations/Breakdance/breakdanceuprock4UE4.uasset" 458
"../../../../../../Users/mssvr1/Documents/Unreal Projects/CastleTest/arvr_new/arvr/Content/Dance_anim_content/Animations/Breakdance/breakdanceswipes4UE4.uasset" 459
"../../../../../../Users/mssvr1/Documents/Unreal Projects/CastleTest/arvr_new/arvr/Content/Dance_anim_content/Animations/Breakdance/breakdanceready_3_4UE4.uasset" 460
"../../../../../../Users/mssvr1/Documents/Unreal Projects/CastleTest/arvr_new/arvr/Content/Dance_anim_content/Animations/Breakdance/breakdanceready_2_4UE4.uasset" 461
"../../../../../../Users/mssvr1/Documents/Unreal Projects/CastleTest/arvr_new/arvr/Content/Dance_anim_content/Animations/Breakdance/breakdanceready4UE4.uasset" 462
"../../../../../../Users/mssvr1/Documents/Unreal Projects/CastleTest/arvr_new/arvr/Content/Dance_anim_content/Animations/Breakdance/breakdancefreezevar44UE4.uasset" 463
"../../../../../../Users/mssvr1/Documents/Unreal Projects/CastleTest/arvr_new/arvr/Content/Dance_anim_content/Animations/Breakdance/breakdancefreezevar34UE4.uasset" 464
"../../../../../../Users/mssvr1/Documents/Unreal Projects/CastleTest/arvr_new/arvr/Content/Dance_anim_content/Animations/Breakdance/breakdancefreezevar24UE4.uasset" 465
"../../../../../../Users/mssvr1/Documents/Unreal Projects/CastleTest/arvr_new/arvr/Content/Dance_anim_content/Animations/Breakdance/breakdancefreezevar14UE4.uasset" 466
"../../../../../../Users/mssvr1/Documents/Unreal Projects/CastleTest/arvr_new/arvr/Content/Dance_anim_content/Animations/Breakdance/breakdancefreezes4UE4.uasset" 467
"../../../../../../Users/mssvr1/Documents/Unreal Projects/CastleTest/arvr_new/arvr/Content/Dance_anim_content/Animations/Breakdance/breakdancefootworktoidle_2_4UE4.uasset" 468
"../../../../../../Users/mssvr1/Documents/Unreal Projects/CastleTest/arvr_new/arvr/Content/Dance_anim_content/Animations/Breakdance/breakdancefootworktoidle4UE4.uasset" 469
"../../../../../../Users/mssvr1/Documents/Unreal Projects/CastleTest/arvr_new/arvr/Content/Dance_anim_content/Animations/Breakdance/breakdancefootworktofreeze4UE4.uasset" 470
"../../../../../../Users/mssvr1/Documents/Unreal Projects/CastleTest/arvr_new/arvr/Content/Dance_anim_content/Animations/Breakdance/breakdancefootwork34UE4.uasset" 471
"../../../../../../Users/mssvr1/Documents/Unreal Projects/CastleTest/arvr_new/arvr/Content/Dance_anim_content/Animations/Breakdance/breakdancefootwork24UE4.uasset" 472
"../../../../../../Users/mssvr1/Documents/Unreal Projects/CastleTest/arvr_new/arvr/Content/Dance_anim_content/Animations/Breakdance/breakdancefootwork14UE4.uasset" 473
"../../../../../../Users/mssvr1/Documents/Unreal Projects/CastleTest/arvr_new/arvr/Content/Dance_anim_content/Animations/Breakdance/breakdanceending34UE4.uasset" 474
"../../../../../../Users/mssvr1/Documents/Unreal Projects/CastleTest/arvr_new/arvr/Content/Dance_anim_content/Animations/Breakdance/breakdanceending24UE4.uasset" 475
"../../../../../../Users/mssvr1/Documents/Unreal Projects/CastleTest/arvr_new/arvr/Content/Dance_anim_content/Animations/Breakdance/breakdanceending14UE4.uasset" 476
"../../../../../../Users/mssvr1/Documents/Unreal Projects/CastleTest/arvr_new/arvr/Content/Dance_anim_content/Animations/Breakdance/breakdance1990_3_4UE4.uasset" 477
"../../../../../../Users/mssvr1/Documents/Unreal Projects/CastleTest/arvr_new/arvr/Content/Dance_anim_content/Animations/Breakdance/breakdance1990_2_4UE4.uasset" 478
"../../../../../../Users/mssvr1/Documents/Unreal Projects/CastleTest/arvr_new/arvr/Content/Dance_anim_content/Animations/Breakdance/breakdance19904UE4.uasset" 479
"../../../../../../Users/mssvr1/Documents/Unreal Projects/CastleTest/arvr_new/arvr/Content/Dance_anim_content/Animations/Thriller/Thriller_Montage.uasset" 480
"../../../../../../Users/mssvr1/Documents/Unreal Projects/CastleTest/arvr_new/arvr/Content/Dance_anim_content/Animations/Simple/2060-Hip_Hop_Dancing_4UE4.uasset" 481
"../../../../../../Users/mssvr1/Documents/Unreal Projects/CastleTest/arvr_new/arvr/Content/Dance_anim_content/Animations/Simple/2060-Hip_Hop_Dancing_4UE4_Montage.uasset" 482
"../../../../../../Users/mssvr1/Documents/Unreal Projects/CastleTest/arvr_new/arvr/Content/Dance_anim_content/Animations/shopping_cart/ShoppingCartDance4UE4_Montage.uasset" 483
"../../../../../../Users/mssvr1/Documents/Unreal Projects/CastleTest/arvr_new/arvr/Content/Dance_anim_content/Animations/Breakdance/BreakDance_Montage9.uasset" 484
"../../../../../../Users/mssvr1/Documents/Unreal Projects/CastleTest/arvr_new/arvr/Content/Dance_anim_content/Animations/Breakdance/BreakDance_Montage8.uasset" 485
"../../../../../../Users/mssvr1/Documents/Unreal Projects/CastleTest/arvr_new/arvr/Content/Dance_anim_content/Animations/Breakdance/flair_3_4UE4.uasset" 486
"../../../../../../Users/mssvr1/Documents/Unreal Projects/CastleTest/arvr_new/arvr/Content/Dance_anim_content/Animations/Breakdance/flair_2_4UE4.uasset" 487
"../../../../../../Users/mssvr1/Documents/Unreal Projects/CastleTest/arvr_new/arvr/Content/Dance_anim_content/Animations/Breakdance/flair4UE4.uasset" 488
"../../../../../../Users/mssvr1/Documents/Unreal Projects/CastleTest/arvr_new/arvr/Content/Dance_anim_content/Animations/Breakdance/BreakDance_Montage7.uasset" 489
"../../../../../../Users/mssvr1/Documents/Unreal Projects/CastleTest/arvr_new/arvr/Content/Dance_anim_content/Animations/Breakdance/crosslegfreeze4UE4.uasset" 490
"../../../../../../Users/mssvr1/Documents/Unreal Projects/CastleTest/arvr_new/arvr/Content/Dance_anim_content/Animations/Breakdance/BreakDance_Montage6.uasset" 491
"../../../../../../Users/mssvr1/Documents/Unreal Projects/CastleTest/arvr_new/arvr/Content/Dance_anim_content/Animations/Breakdance/BreakDance_Montage5.uasset" 492
"../../../../../../Users/mssvr1/Documents/Unreal Projects/CastleTest/arvr_new/arvr/Content/Dance_anim_content/Animations/Breakdance/BreakDance_Montage4.uasset" 493
"../../../../../../Users/mssvr1/Documents/Unreal Projects/CastleTest/arvr_new/arvr/Content/Dance_anim_content/Animations/Breakdance/BreakDance_Montage3.uasset" 494
"../../../../../../Users/mssvr1/Documents/Unreal Projects/CastleTest/arvr_new/arvr/Content/Dance_anim_content/Animations/Breakdance/BreakDance_Montage2.uasset" 495
"../../../../../../Users/mssvr1/Documents/Unreal Projects/CastleTest/arvr_new/arvr/Content/Dance_anim_content/Animations/Breakdance/0131-Bboy_Uprock_4UE4.uasset" 496
"../../../../../../Users/mssvr1/Documents/Unreal Projects/CastleTest/arvr_new/arvr/Content/Dance_anim_content/Animations/Breakdance/BreakDance_Montage14.uasset" 497
"../../../../../../Users/mssvr1/Documents/Unreal Projects/CastleTest/arvr_new/arvr/Content/Dance_anim_content/Animations/Breakdance/BreakDance_Montage13.uasset" 498
"../../../../../../Users/mssvr1/Documents/Unreal Projects/CastleTest/arvr_new/arvr/Content/Dance_anim_content/Animations/Breakdance/brooklynuprock4UE4.uasset" 499
"../../../../../../Users/mssvr1/Documents/Unreal Projects/CastleTest/arvr_new/arvr/Content/Dance_anim_content/Animations/Breakdance/breakdanceuprockvar24UE4.uasset" 500
"../../../../../../Users/mssvr1/Documents/Unreal Projects/CastleTest/arvr_new/arvr/Content/Dance_anim_content/Animations/Breakdance/BreakDance_Montage12.uasset" 501
"../../../../../../Users/mssvr1/Documents/Unreal Projects/CastleTest/arvr_new/arvr/Content/Dance_anim_content/Animations/Breakdance/BreakDance_Montage11.uasset" 502
"../../../../../../Users/mssvr1/Documents/Unreal Projects/CastleTest/arvr_new/arvr/Content/Dance_anim_content/Animations/Breakdance/BreakDance_Montage10.uasset" 503
"../../../../../../Users/mssvr1/Documents/Unreal Projects/CastleTest/arvr_new/arvr/Content/Dance_anim_content/Animations/Breakdance/BreakDance_Montage1.uasset" 504
"../../../../../../Users/mssvr1/Documents/Unreal Projects/CastleTest/arvr_new/arvr/Content/Dance_anim_content/Animations/Dance.uasset" 505
"../../../../../../Users/mssvr1/Documents/Unreal Projects/CastleTest/arvr_new/arvr/Content/Materials/ParticleMaterial1.uasset" 506
"../../../../../../Users/mssvr1/Documents/Unreal Projects/CastleTest/arvr_new/arvr/Content/ParticleSystems/ParticleSystemMusicNotes.uasset" 507
"../../../../../../Users/mssvr1/Documents/Unreal Projects/CastleTest/arvr_new/arvr/Content/Blueprint/Music/MusicNotesBlueprint.uasset" 508
"../../../../../../Users/mssvr1/Documents/Unreal Projects/CastleTest/arvr_new/arvr/Content/PaigeAssets/SkullMaterial.uasset" 509
"../../../../../../Users/mssvr1/Documents/Unreal Projects/CastleTest/arvr_new/arvr/Content/Blueprint/Music/SkullBlueprint2.uasset" 510
"../../../../../../Users/mssvr1/Documents/Unreal Projects/CastleTest/arvr_new/arvr/Content/Materials/BLUEGLOWMAT.uasset" 511
"../../../../../../Users/mssvr1/Documents/Unreal Projects/CastleTest/arvr_new/arvr/Content/Materials/GenericHMDMaterial.uasset" 512
"../../../../../../Users/mssvr1/Documents/Unreal Projects/CastleTest/arvr_new/arvr/Content/Blueprint/GenericHMD.uasset" 513
"../../../../../../Users/mssvr1/Documents/Unreal Projects/CastleTest/arvr_new/arvr/Content/Blueprint/RepTransform.uasset" 514
"../../../../../../Users/mssvr1/Documents/Unreal Projects/CastleTest/arvr_new/arvr/Content/Blueprint/BP_XRPawn.uasset" 515
"../../../../../../Users/mssvr1/Documents/Unreal Projects/CastleTest/arvr_new/arvr/Content/Blueprint/PicturesAtExhibitionMode.uasset" 516
"../../../../../../Users/mssvr1/Documents/Unreal Projects/CastleTest/arvr_new/arvr/Content/Seats.uasset" 517
"../../../../../../Users/mssvr1/Documents/Unreal Projects/CastleTest/arvr_new/arvr/Content/Level/PicturesStage.umap" 518
