"../../../Engine/Content/EngineMaterials/T_Default_Material_Grid_N.uasset" 0
"../../../Engine/Content/EngineMaterials/T_Default_Material_Grid_M.uasset" 1
"../../../Engine/Content/Functions/Engine_MaterialFunctions01/Opacity/CameraDepthFade.uasset" 2
"../../../Engine/Content/EngineMaterials/WorldGridMaterial.uasset" 3
"../../../Engine/Content/ArtTools/RenderToTexture/Meshes/S_1_Unit_Plane.uasset" 4
"../../../Engine/Content/EngineMaterials/DefaultMaterial.uasset" 5
"../../../Engine/Content/BasicShapes/Cone.uasset" 6
"../../../Engine/Content/BasicShapes/Sphere.uasset" 7
"../../../Engine/Content/EditorLandscapeResources/DataLayer.uasset" 8
"../../../Engine/Content/EditorLandscapeResources/DefaultAlphaTexture.uasset" 9
"../../../Engine/Content/EditorMaterials/MAT_Groups_Toggle.uasset" 10
"../../../Engine/Content/EditorMaterials/MAT_Groups_Visibility.uasset" 11
"../../../Engine/Content/EditorMaterials/PreviewShadowIndicator.uasset" 12
"../../../Engine/Content/EditorMaterials/PreviewShadowIndicatorMaterial.uasset" 13
"../../../Engine/Content/EditorMaterials/MatineeGroups/MAT_ColorTrack.uasset" 14
"../../../Engine/Content/EditorMaterials/MatineeGroups/MAT_Groups_Anim.uasset" 15
"../../../Engine/Content/EditorMaterials/MatineeGroups/MAT_Groups_AudioMaster.uasset" 16
"../../../Engine/Content/EditorMaterials/MatineeGroups/MAT_Groups_Director.uasset" 17
"../../../Engine/Content/EditorMaterials/MatineeGroups/MAT_Groups_Event.uasset" 18
"../../../Engine/Content/EditorMaterials/MatineeGroups/MAT_Groups_Fade.uasset" 19
"../../../Engine/Content/EditorMaterials/MatineeGroups/MAT_Groups_Float.uasset" 20
"../../../Engine/Content/EditorMaterials/MatineeGroups/MAT_Groups_Move.uasset" 21
"../../../Engine/Content/EditorMaterials/MatineeGroups/MAT_Groups_Slomo.uasset" 22
"../../../Engine/Content/EditorMaterials/MatineeGroups/MAT_Groups_Sound.uasset" 23
"../../../Engine/Content/EditorMaterials/MatineeGroups/MAT_Groups_Vector.uasset" 24
"../../../Engine/Content/EditorMaterials/ParticleSystems/PSysThumbnail_NoImage.uasset" 25
"../../../Engine/Content/EditorMaterials/ParticleSystems/PSysThumbnail_OOD.uasset" 26
"../../../Engine/Content/EditorMaterials/Camera/CineMat.uasset" 27
"../../../Engine/Content/EditorMaterials/Camera/MI_CineMat_Rig.uasset" 28
"../../../Engine/Content/EditorMeshes/Camera/SM_CraneRig_Arm.uasset" 29
"../../../Engine/Content/EditorMeshes/Camera/SM_CraneRig_Base.uasset" 30
"../../../Engine/Content/EditorMeshes/Camera/SM_CraneRig_Body.uasset" 31
"../../../Engine/Content/EditorMeshes/Camera/SM_CraneRig_Mount.uasset" 32
"../../../Engine/Content/EditorMeshes/Camera/SM_RailRig_Mount.uasset" 33
"../../../Engine/Content/EditorMeshes/Camera/SM_RailRig_Track.uasset" 34
"../../../Engine/Content/EditorResources/BSPVertex.uasset" 35
"../../../Engine/Content/EditorResources/EmptyActor.uasset" 36
"../../../Engine/Content/EditorResources/S_Actor.uasset" 37
"../../../Engine/Content/EditorResources/S_Note.uasset" 38
"../../../Engine/Content/EditorResources/S_Solver.uasset" 39
"../../../Engine/Content/EditorResources/S_Terrain.uasset" 40
"../../../Engine/Content/EditorResources/S_Trigger.uasset" 41
"../../../Engine/Content/EditorResources/LightIcons/S_LightError.uasset" 42
"../../../Engine/Content/EditorResources/SequenceRecorder/Countdown.uasset" 43
"../../../Engine/Content/EditorResources/SequenceRecorder/RecordingIndicator.uasset" 44
"../../../Engine/Content/EngineDamageTypes/DmgTypeBP_Environmental.uasset" 45
"../../../Engine/Content/EngineDebugMaterials/DebugEditorMaterial.uasset" 46
"../../../Engine/Content/EngineDebugMaterials/DebugMeshMaterial.uasset" 47
"../../../Engine/Content/EngineDebugMaterials/M_SimpleUnlitTranslucent.uasset" 48
"../../../Engine/Content/EngineDebugMaterials/VolumeToRender.uasset" 49
"../../../Engine/Content/Functions/Engine_MaterialFunctions02/Utility/CameraDirectionVector.uasset" 50
"../../../Engine/Content/EngineDebugMaterials/M_VolumeRenderSphereTracePP.uasset" 51
"../../../Engine/Content/Functions/Engine_MaterialFunctions01/Shading/ConvertFromDiffSpec.uasset" 52
"../../../Engine/Content/EngineDebugMaterials/VertexColorMaterial.uasset" 53
"../../../Engine/Content/EngineDebugMaterials/WireframeMaterial.uasset" 54
"../../../Engine/Content/EngineFonts/Faces/RobotoRegular.uasset" 55
"../../../Engine/Content/EngineFonts/Faces/RobotoLight.uasset" 56
"../../../Engine/Content/EngineFonts/Faces/RobotoItalic.uasset" 57
"../../../Engine/Content/EngineFonts/Faces/RobotoBoldItalic.uasset" 58
"../../../Engine/Content/EngineFonts/Faces/RobotoBold.uasset" 59
"../../../Engine/Content/EngineFonts/Faces/DroidSansFallback.uasset" 60
"../../../Engine/Content/EngineFonts/Roboto.uasset" 61
"../../../Engine/Content/EngineMaterials/BaseFlattenNormalMap.uasset" 62
"../../../Engine/Content/EngineMaterials/BaseFlattenGrayscaleMap.uasset" 63
"../../../Engine/Content/EngineMaterials/BaseFlattenEmissiveMap.uasset" 64
"../../../Engine/Content/EngineMaterials/BaseFlattenDiffuseMap.uasset" 65
"../../../Engine/Content/EngineMaterials/BaseFlattenMaterial.uasset" 66
"../../../Engine/Content/EngineMaterials/BlueNoise.uasset" 67
"../../../Engine/Content/EngineMaterials/DefaultBloomKernel.uasset" 68
"../../../Engine/Content/EngineMaterials/DefaultBokeh.uasset" 69
"../../../Engine/Content/EngineMaterials/DefaultDiffuse.uasset" 70
"../../../Engine/Content/EngineMaterials/DefaultDeferredDecalMaterial.uasset" 71
"../../../Engine/Content/EngineMaterials/DefaultLightFunctionMaterial.uasset" 72
"../../../Engine/Content/EngineMaterials/DefaultPhysicalMaterial.uasset" 73
"../../../Engine/Content/Functions/Engine_MaterialFunctions02/Utility/BreakOutFloat2Components.uasset" 74
"../../../Engine/Content/EngineMaterials/DefaultPostProcessMaterial.uasset" 75
"../../../Engine/Content/EngineFonts/RobotoDistanceField.uasset" 76
"../../../Engine/Content/EngineMaterials/DefaultTextMaterialOpaque.uasset" 77
"../../../Engine/Content/EngineMaterials/DefaultWhiteGrid.uasset" 78
"../../../Engine/Content/EngineMaterials/DefaultWhiteGrid_Low.uasset" 79
"../../../Engine/Content/EngineMaterials/EmissiveMeshMaterial.uasset" 80
"../../../Engine/Content/EngineMaterials/GizmoMaterial.uasset" 81
"../../../Engine/Content/EngineMaterials/Good64x64TilingNoiseHighFreq.uasset" 82
"../../../Engine/Content/EngineMaterials/MiniFont.uasset" 83
"../../../Engine/Content/EngineMaterials/InvalidLightmapSettings.uasset" 84
"../../../Engine/Content/EngineMaterials/M_InvalidLightmapSettings.uasset" 85
"../../../Engine/Content/Functions/Engine_MaterialFunctions02/WorldPositionOffset/CameraOffset.uasset" 86
"../../../Engine/Content/EngineMaterials/PhAT_JointLimitMaterial.uasset" 87
"../../../Engine/Content/EngineMaterials/PreintegratedSkinBRDF.uasset" 88
"../../../Engine/Content/EngineMaterials/RemoveSurfaceMaterial.uasset" 89
"../../../Engine/Content/EngineMaterials/WeightMapPlaceholderTexture.uasset" 90
"../../../Engine/Content/EngineResources/WhiteSquareTexture.uasset" 91
"../../../Engine/Content/EngineMaterials/Widget3DPassThrough.uasset" 92
"../../../Engine/Content/EngineMaterials/Widget3DPassThrough_Masked.uasset" 93
"../../../Engine/Content/EngineMaterials/Widget3DPassThrough_Opaque.uasset" 94
"../../../Engine/Content/EngineMaterials/Widget3DPassThrough_Masked_OneSided.uasset" 95
"../../../Engine/Content/EngineMaterials/Widget3DPassThrough_Opaque_OneSided.uasset" 96
"../../../Engine/Content/EngineMaterials/Widget3DPassThrough_Translucent.uasset" 97
"../../../Engine/Content/EngineMaterials/Widget3DPassThrough_Translucent_OneSided.uasset" 98
"../../../Engine/Content/EngineMeshes/Cylinder.uasset" 99
"../../../Engine/Content/EngineResources/Black.uasset" 100
"../../../Engine/Content/EngineResources/DefaultTextureCube.uasset" 101
"../../../Engine/Content/EngineResources/DefaultVolumeTexture2D.uasset" 102
"../../../Engine/Content/EngineResources/DefaultVolumeTexture.uasset" 103
"../../../Engine/Content/EngineResources/GradientTexture0.uasset" 104
"../../../Engine/Content/EngineSky/VolumetricClouds/T_NoiseShape64.uasset" 105
"../../../Engine/Content/EngineSky/VolumetricClouds/T_VolumeNoiseShape64.uasset" 106
"../../../Engine/Content/EngineSky/VolumetricClouds/T_NoiseErosion.uasset" 107
"../../../Engine/Content/EngineSky/VolumetricClouds/T_VolumeNoiseErosion32.uasset" 108
"../../../Engine/Content/EngineSky/VolumetricClouds/CloudWeatherTexture.uasset" 109
"../../../Engine/Content/EngineSky/VolumetricClouds/CloudGradientTexture.uasset" 110
"../../../Engine/Content/Functions/Engine_MaterialFunctions02/Utility/MakeFloat2.uasset" 111
"../../../Engine/Content/EngineSky/VolumetricClouds/m_SimpleVolumetricCloud.uasset" 112
"../../../Engine/Content/EngineSky/VolumetricClouds/m_SimpleVolumetricCloud_Inst.uasset" 113
"../../../Engine/Content/EngineSounds/Master.uasset" 114
"../../../Engine/Content/Functions/Engine_MaterialFunctions01/Shading/PowerToRoughness.uasset" 115
"../../../Engine/Content/Maps/Templates/Thumbnails/Default.uasset" 116
"../../../Engine/Content/Maps/Templates/Thumbnails/TimeOfDay.uasset" 117
"../../../Engine/Content/Maps/Templates/Thumbnails/VR-Basic.uasset" 118
"../../../Engine/Content/MobileResources/T_MobileControls_texture.uasset" 119
"../../../Engine/Content/MobileResources/T_MobileMenu2.uasset" 120
"../../../Engine/Content/MobileResources/HUD/AnalogHat.uasset" 121
"../../../Engine/Content/MobileResources/HUD/VirtualJoystick_Thumb.uasset" 122
"../../../Engine/Content/MobileResources/HUD/VirtualJoystick_Background.uasset" 123
"../../../Engine/Content/MobileResources/HUD/DefaultVirtualJoysticks.uasset" 124
"../../../Engine/Content/MobileResources/HUD/LeftVirtualJoystickOnly.uasset" 125
"../../../Engine/Content/MobileResources/HUD/MobileHUDButton1_off.uasset" 126
"../../../Engine/Content/MobileResources/HUD/MobileHUDButton1_on.uasset" 127
"../../../Engine/Content/MobileResources/HUD/MobileHUDButton2_off.uasset" 128
"../../../Engine/Content/MobileResources/HUD/MobileHUDButton2_on.uasset" 129
"../../../Engine/Content/MobileResources/HUD/MobileHUDButton3.uasset" 130
"../../../Engine/Content/MobileResources/HUD/MobileHUDButtonFire.uasset" 131
"../../../Engine/Content/MobileResources/HUD/MobileHUDDirectionPad.uasset" 132
"../../../Engine/Content/MobileResources/HUD/MobileHUDDirectionPad2.uasset" 133
"../../../Engine/Content/MobileResources/HUD/MobileHUDDirectionPad3.uasset" 134
"../../../Engine/Content/MobileResources/HUD/MobileHUDDirectionStick.uasset" 135
"../../../Engine/Content/MobileResources/HUD/T_Castle_ThumbstickInner.uasset" 136
"../../../Engine/Content/MobileResources/HUD/T_Castle_ThumbstickOutter.uasset" 137
"../../../Engine/Content/Tutorial/ContentIntroCurve.uasset" 138
"../../../Engine/Content/Tutorial/Basics/LevelEditorAttract.uasset" 139
"../../../Engine/Content/VREditor/TransformGizmo/TranslucentTransformGizmoMaterial.uasset" 140
"../../../Engine/Content/VREditor/LaserPointer/VR_LaserPower_01.uasset" 141
"../../../Engine/Content/VREditor/TransformGizmo/TransformGizmoMaterial.uasset" 142
"../../../Engine/Content/VREditor/TransformGizmo/BoundingBoxCorner.uasset" 143
"../../../Engine/Content/VREditor/TransformGizmo/BoundingBoxEdge.uasset" 144
"../../../Engine/Content/VREditor/TransformGizmo/PlaneTranslationHandle.uasset" 145
"../../../Engine/Content/VREditor/TransformGizmo/Xray.uasset" 146
"../../../Engine/Content/VREditor/TransformGizmo/Main.uasset" 147
"../../../Engine/Content/VREditor/TransformGizmo/SM_Sequencer_Key.uasset" 148
"../../../Engine/Content/VREditor/TransformGizmo/SM_Sequencer_Node.uasset" 149
"../../Plugins/2D/Paper2D/Content/PlaceholderTextures/DummySpriteTexture.uasset" 150
"../../Plugins/2D/Paper2D/Content/DummySprite.uasset" 151
"../../Plugins/2D/Paper2D/Content/DefaultPaperTerrainMaterial.uasset" 152
"../../Plugins/2D/Paper2D/Content/DefaultSpriteMaterial.uasset" 153
"../../Plugins/2D/Paper2D/Content/MaskedUnlitSpriteMaterial.uasset" 154
"../../Plugins/2D/Paper2D/Content/OpaqueUnlitSpriteMaterial.uasset" 155
"../../../Engine/Content/Functions/Engine_MaterialFunctions02/ObjectLocalBounds.uasset" 156
"../../../Engine/Content/Functions/Engine_MaterialFunctions02/Utility/BreakOutFloat3Components.uasset" 157
"../../Plugins/Editor/SpeedTreeImporter/Content/SpeedTree9/UnpackInteger3.uasset" 158
"../../Plugins/Editor/SpeedTreeImporter/Content/SpeedTree9/UnpackDirection.uasset" 159
"../../Plugins/Editor/SpeedTreeImporter/Content/SpeedTree9/game_wind_noise.uasset" 160
"../../../Engine/Content/Functions/Engine_MaterialFunctions02/SafeNormalize.uasset" 161
"../../Plugins/Editor/SpeedTreeImporter/Content/SpeedTree9/SpeedTreeWindMotion.uasset" 162
"../../Plugins/Editor/SpeedTreeImporter/Content/SpeedTree9/SpeedTreeBranchMotion.uasset" 163
"../../../Engine/Content/Functions/Engine_MaterialFunctions02/UVs/BoundingBoxBased_0-1_UVW.uasset" 164
"../../Plugins/Editor/SpeedTreeImporter/Content/SpeedTree9/SpeedTreeWind.uasset" 165
"../../Plugins/Editor/SpeedTreeImporter/Content/SpeedTree9/SpeedTreeBillboard.uasset" 166
"../../../Engine/Content/EngineResources/DefaultTexture.uasset" 167
"../../Plugins/Editor/SpeedTreeImporter/Content/SpeedTree9/SpeedTreeBillboardMaster.uasset" 168
"../../Plugins/Editor/SpeedTreeImporter/Content/SpeedTree9/SpeedTreeCameraFacing.uasset" 169
"../../Plugins/Editor/SpeedTreeImporter/Content/SpeedTree9/SpeedTreeMaster.uasset" 170
"../../../Engine/Content/BasicShapes/Cylinder.uasset" 171
"../../../Engine/Content/ArtTools/RenderToTexture/Materials/Debug/M_Emissive_Color.uasset" 172
"../../Plugins/Lumin/MagicLeapPassableWorld/Content/MagicLeapARPinInfoActor.uasset" 173
"../../../Engine/Content/Functions/Engine_MaterialFunctions02/Utility/BreakOutFloat4Components.uasset" 174
"../../../Engine/Content/Functions/Engine_MaterialFunctions02/Utility/MakeFloat3.uasset" 175
"../../Plugins/Runtime/Oculus/OculusVR/Content/Materials/OculusMR_ChromaKey.uasset" 176
"../../Plugins/Runtime/Oculus/OculusVR/Content/Materials/OculusMR_OpaqueColoredMaterial.uasset" 177
"../../Plugins/Runtime/Oculus/OculusVR/Content/Materials/PokeAHoleMaterial.uasset" 178
"../../../../../../Users/mssvr1/Documents/Unreal Projects/CastleTest/arvr 4.26/Content/ShriyaAssets/SM_Castle/Castle.uasset" 179
"../../../Engine/Content/MapTemplates/Sky/DaylightAmbientCubemap.uasset" 180
"../../../Engine/Content/BasicShapes/Plane.uasset" 181
"../../../../../../Users/mssvr1/Documents/Unreal Projects/CastleTest/arvr 4.26/Content/ShriyaAssets/SM_Castle/M_Castle.uasset" 182
"../../../Engine/Content/BasicShapes/BasicShapeMaterial.uasset" 183
"../../../../../../Users/mssvr1/Documents/Unreal Projects/CastleTest/arvr 4.26/Content/Level/EntryLevel_BuiltData.uasset" 184
"../../../../../../Users/mssvr1/Documents/Unreal Projects/CastleTest/arvr 4.26/Content/Materials/ParticleMaterial1.uasset" 185
"../../../Engine/Content/EngineMeshes/Sphere.uasset" 186
"../../../../../../Users/mssvr1/Documents/Unreal Projects/CastleTest/arvr 4.26/Content/ParticleSystems/ParticleSystem2.uasset" 187
"../../../../../../Users/mssvr1/Documents/Unreal Projects/CastleTest/arvr 4.26/Content/Materials/SkullMaterial.uasset" 188
"../../../Engine/Content/EditorBlueprintResources/StandardMacros.uasset" 189
"../../../../../../Users/mssvr1/Documents/Unreal Projects/CastleTest/arvr 4.26/Content/Blueprint/SkullBlueprint.uasset" 190
"../../../../../../Users/mssvr1/Documents/Unreal Projects/CastleTest/arvr 4.26/Content/Level/EntryLevel.umap" 191
"../../../Engine/Content/BasicShapes/Cube.uasset" 192
"../../../../../../Users/mssvr1/Documents/Unreal Projects/CastleTest/arvr 4.26/Content/Materials/M_Cube.uasset" 193
"../../../../../../Users/mssvr1/Documents/Unreal Projects/CastleTest/arvr 4.26/Content/Level/PicturesStage_BuiltData.uasset" 194
"../../../../../../Users/mssvr1/Documents/Unreal Projects/CastleTest/arvr 4.26/Content/Geometry/Stage/SM_MERGED_AudienceStage_Side_11.uasset" 195
"../../../../../../Users/mssvr1/Documents/Unreal Projects/CastleTest/arvr 4.26/Content/Materials/GenericHMDMaterial.uasset" 196
"../../../../../../Users/mssvr1/Documents/Unreal Projects/CastleTest/arvr 4.26/Content/Blueprint/GenericHMD.uasset" 197
"../../../Engine/Content/EditorBlueprintResources/ActorMacros.uasset" 198
"../../../../../../Users/mssvr1/Documents/Unreal Projects/CastleTest/arvr 4.26/Content/Blueprint/BP_XRPawn.uasset" 199
"../../../../../../Users/mssvr1/Documents/Unreal Projects/CastleTest/arvr 4.26/Content/Blueprint/PicturesAtExhibitionMode.uasset" 200
"../../../../../../Users/mssvr1/Documents/Unreal Projects/CastleTest/arvr 4.26/Content/Level/PicturesStage.umap" 201
